v ATLAS
# This file was created by ATLAS version 5.24.1.R on Sun Nov 13 12:31:12 2022.
#SSF 2.0 generic
##############################################################################
#                    Copyright (c) 1984 - 2017                               #
#                    Silvaco Inc. All rights reserved                        #
#                                                                            #
# This file format and the following Key are copyright Silvaco Inc.          #
# You may not use, this format or key without reproducing this message in    #
# full and obtaining express written permission from Silvaco Inc.            #
#                                                                            #
# To obtain such permission please contact: Silvaco Inc.                     #
#                                           support@silvaco.com              #
#                                                                            #
# KEY=SVC86hn7562asdx                       PROD=345                         #
##############################################################################
y 3 700 711 15
z 3 0.000875 300
f 3 "source" "gate" "drain" 
p 10 2 601 20 3 602 21 4 603 22 82 
d 0.000000000e+00 0.000000000e+00 -3.849394069e-05 2.000000000e+00 2.000000000e+00 0.000000000e+00 5.000000000e-01 5.000000000e-01 3.849394051e-05 3.001249735e+02 
d 0.000000000e+00 0.000000000e+00 -6.026939013e-05 2.000000000e+00 2.000000000e+00 0.000000000e+00 7.500000000e-01 7.500000000e-01 6.026938447e-05 3.002973806e+02 
d 0.000000000e+00 0.000000000e+00 -8.648768585e-05 2.000000000e+00 2.000000000e+00 0.000000000e+00 1.000000000e+00 1.000000000e+00 8.648767263e-05 3.005762160e+02 
d 0.000000000e+00 0.000000000e+00 -1.523907907e-04 2.000000000e+00 2.000000000e+00 0.000000000e+00 1.500000000e+00 1.500000000e+00 1.523907803e-04 3.014885539e+02 
d 0.000000000e+00 0.000000000e+00 -1.656244919e-04 2.000000000e+00 2.000000000e+00 0.000000000e+00 2.000000000e+00 2.000000000e+00 1.656245002e-04 3.017535079e+02 
d 0.000000000e+00 0.000000000e+00 -1.673039525e-04 2.000000000e+00 2.000000000e+00 0.000000000e+00 2.500000000e+00 2.500000000e+00 1.673039598e-04 3.018481355e+02 
d 0.000000000e+00 0.000000000e+00 -1.689531175e-04 2.000000000e+00 2.000000000e+00 0.000000000e+00 3.000000000e+00 3.000000000e+00 1.689531220e-04 3.019470075e+02 
d 0.000000000e+00 0.000000000e+00 -1.710676779e-04 2.000000000e+00 2.000000000e+00 0.000000000e+00 3.500000000e+00 3.500000000e+00 1.710676809e-04 3.020555572e+02 
d 0.000000000e+00 0.000000000e+00 -1.725537153e-04 2.000000000e+00 2.000000000e+00 0.000000000e+00 4.000000000e+00 4.000000000e+00 1.725537169e-04 3.021561533e+02 
d 0.000000000e+00 0.000000000e+00 -1.740134776e-04 2.000000000e+00 2.000000000e+00 0.000000000e+00 4.500000000e+00 4.500000000e+00 1.740134749e-04 3.022613708e+02 
d 0.000000000e+00 0.000000000e+00 -1.754473138e-04 2.000000000e+00 2.000000000e+00 0.000000000e+00 5.000000000e+00 5.000000000e+00 1.754473156e-04 3.023689013e+02 
d 0.000000000e+00 0.000000000e+00 -1.768818669e-04 2.000000000e+00 2.000000000e+00 0.000000000e+00 5.500000000e+00 5.500000000e+00 1.768818693e-04 3.026544817e+02 
d 0.000000000e+00 0.000000000e+00 -1.782598207e-04 2.000000000e+00 2.000000000e+00 0.000000000e+00 6.000000000e+00 6.000000000e+00 1.782598224e-04 3.029888265e+02 
d 0.000000000e+00 0.000000000e+00 -1.795740170e-04 2.000000000e+00 2.000000000e+00 0.000000000e+00 6.500000000e+00 6.500000000e+00 1.795740178e-04 3.033283159e+02 
d 0.000000000e+00 0.000000000e+00 -1.808716375e-04 2.000000000e+00 2.000000000e+00 0.000000000e+00 7.000000000e+00 7.000000000e+00 1.808716379e-04 3.036768091e+02 
d 0.000000000e+00 0.000000000e+00 -1.822554709e-04 2.000000000e+00 2.000000000e+00 0.000000000e+00 7.500000000e+00 7.500000000e+00 1.822554710e-04 3.040338482e+02 
d 0.000000000e+00 0.000000000e+00 -1.834899151e-04 2.000000000e+00 2.000000000e+00 0.000000000e+00 8.000000000e+00 8.000000000e+00 1.834899147e-04 3.043934382e+02 
d 0.000000000e+00 0.000000000e+00 -1.847173851e-04 2.000000000e+00 2.000000000e+00 0.000000000e+00 8.500000000e+00 8.500000000e+00 1.847173844e-04 3.047582333e+02 
d 0.000000000e+00 0.000000000e+00 -1.858188585e-04 2.000000000e+00 2.000000000e+00 0.000000000e+00 9.000000000e+00 9.000000000e+00 1.858188569e-04 3.051233680e+02 
d 0.000000000e+00 0.000000000e+00 -1.952327412e-04 2.000000000e+00 2.000000000e+00 0.000000000e+00 9.500000000e+00 9.500000000e+00 1.952327406e-04 3.057711967e+02 
d 0.000000000e+00 0.000000000e+00 -1.960562895e-04 2.000000000e+00 2.000000000e+00 0.000000000e+00 1.000000000e+01 1.000000000e+01 1.960562862e-04 3.061148882e+02 
d 0.000000000e+00 0.000000000e+00 -1.961705072e-04 2.000000000e+00 2.000000000e+00 0.000000000e+00 1.050000000e+01 1.050000000e+01 1.961705036e-04 3.063079552e+02 
d 0.000000000e+00 0.000000000e+00 -1.961970958e-04 2.000000000e+00 2.000000000e+00 0.000000000e+00 1.100000000e+01 1.100000000e+01 1.961970933e-04 3.064816174e+02 
d 0.000000000e+00 0.000000000e+00 -1.961846636e-04 2.000000000e+00 2.000000000e+00 0.000000000e+00 1.150000000e+01 1.150000000e+01 1.961846562e-04 3.066533851e+02 
d 0.000000000e+00 0.000000000e+00 -1.962166919e-04 2.000000000e+00 2.000000000e+00 0.000000000e+00 1.200000000e+01 1.200000000e+01 1.962166884e-04 3.071398653e+02 
d 0.000000000e+00 0.000000000e+00 -1.962373561e-04 2.000000000e+00 2.000000000e+00 0.000000000e+00 1.250000000e+01 1.250000000e+01 1.962373556e-04 3.080614631e+02 
d 0.000000000e+00 0.000000000e+00 -1.962843592e-04 2.000000000e+00 2.000000000e+00 0.000000000e+00 1.300000000e+01 1.300000000e+01 1.962843564e-04 3.089865405e+02 
d 0.000000000e+00 0.000000000e+00 -1.963414729e-04 2.000000000e+00 2.000000000e+00 0.000000000e+00 1.350000000e+01 1.350000000e+01 1.963414710e-04 3.099144477e+02 
d 0.000000000e+00 0.000000000e+00 -1.963851766e-04 2.000000000e+00 2.000000000e+00 0.000000000e+00 1.400000000e+01 1.400000000e+01 1.963851752e-04 3.108439579e+02 
d 0.000000000e+00 0.000000000e+00 -1.963819627e-04 2.000000000e+00 2.000000000e+00 0.000000000e+00 1.450000000e+01 1.450000000e+01 1.963819614e-04 3.117726458e+02 
d 0.000000000e+00 0.000000000e+00 -1.964028096e-04 2.000000000e+00 2.000000000e+00 0.000000000e+00 1.500000000e+01 1.500000000e+01 1.964028085e-04 3.127049151e+02 
d 0.000000000e+00 0.000000000e+00 -1.966390550e-04 2.000000000e+00 2.000000000e+00 0.000000000e+00 1.550000000e+01 1.550000000e+01 1.966390539e-04 3.136557785e+02 
d 0.000000000e+00 0.000000000e+00 -1.966689637e-04 2.000000000e+00 2.000000000e+00 0.000000000e+00 1.600000000e+01 1.600000000e+01 1.966689626e-04 3.145939393e+02 
d 0.000000000e+00 0.000000000e+00 -1.967568446e-04 2.000000000e+00 2.000000000e+00 0.000000000e+00 1.650000000e+01 1.650000000e+01 1.967568435e-04 3.155391846e+02 
d 0.000000000e+00 0.000000000e+00 -1.967747519e-04 2.000000000e+00 2.000000000e+00 0.000000000e+00 1.700000000e+01 1.700000000e+01 1.967747508e-04 3.164806235e+02 
d 0.000000000e+00 0.000000000e+00 -1.968072665e-04 2.000000000e+00 2.000000000e+00 0.000000000e+00 1.750000000e+01 1.750000000e+01 1.968072654e-04 3.174253207e+02 
d 0.000000000e+00 0.000000000e+00 -1.968486077e-04 2.000000000e+00 2.000000000e+00 0.000000000e+00 1.800000000e+01 1.800000000e+01 1.968486066e-04 3.183728588e+02 
d 0.000000000e+00 0.000000000e+00 -1.969467578e-04 2.000000000e+00 2.000000000e+00 0.000000000e+00 1.850000000e+01 1.850000000e+01 1.969467568e-04 3.193284180e+02 
d 0.000000000e+00 0.000000000e+00 -1.969035672e-04 2.000000000e+00 2.000000000e+00 0.000000000e+00 1.900000000e+01 1.900000000e+01 1.969035663e-04 3.202708072e+02 
d 0.000000000e+00 0.000000000e+00 -1.969157873e-04 2.000000000e+00 2.000000000e+00 0.000000000e+00 1.950000000e+01 1.950000000e+01 1.969157864e-04 3.212207193e+02 
d 0.000000000e+00 0.000000000e+00 -1.965122767e-04 2.000000000e+00 2.000000000e+00 0.000000000e+00 2.000000000e+01 2.000000000e+01 1.965122758e-04 3.221218940e+02 
d 0.000000000e+00 0.000000000e+00 -1.964687602e-04 2.000000000e+00 2.000000000e+00 0.000000000e+00 2.050000000e+01 2.050000000e+01 1.964687593e-04 3.230659154e+02 
d 0.000000000e+00 0.000000000e+00 -1.964816983e-04 2.000000000e+00 2.000000000e+00 0.000000000e+00 2.100000000e+01 2.100000000e+01 1.964816974e-04 3.240183681e+02 
d 0.000000000e+00 0.000000000e+00 -1.964803702e-04 2.000000000e+00 2.000000000e+00 0.000000000e+00 2.150000000e+01 2.150000000e+01 1.964803695e-04 3.249704539e+02 
d 0.000000000e+00 0.000000000e+00 -1.965147807e-04 2.000000000e+00 2.000000000e+00 0.000000000e+00 2.200000000e+01 2.200000000e+01 1.965147800e-04 3.259290141e+02 
d 0.000000000e+00 0.000000000e+00 -1.964510233e-04 2.000000000e+00 2.000000000e+00 0.000000000e+00 2.250000000e+01 2.250000000e+01 1.964510227e-04 3.268749781e+02 
d 0.000000000e+00 0.000000000e+00 -1.963804284e-04 2.000000000e+00 2.000000000e+00 0.000000000e+00 2.300000000e+01 2.300000000e+01 1.963804278e-04 3.278206787e+02 
d 0.000000000e+00 0.000000000e+00 -1.964156731e-04 2.000000000e+00 2.000000000e+00 0.000000000e+00 2.350000000e+01 2.350000000e+01 1.964156726e-04 3.287836469e+02 
d 0.000000000e+00 0.000000000e+00 -1.964326758e-04 2.000000000e+00 2.000000000e+00 0.000000000e+00 2.400000000e+01 2.400000000e+01 1.964326754e-04 3.297454343e+02 
d 0.000000000e+00 0.000000000e+00 -1.964692768e-04 2.000000000e+00 2.000000000e+00 0.000000000e+00 2.450000000e+01 2.450000000e+01 1.964692765e-04 3.307120686e+02 
d 0.000000000e+00 0.000000000e+00 -1.964079745e-04 2.000000000e+00 2.000000000e+00 0.000000000e+00 2.500000000e+01 2.500000000e+01 1.964079743e-04 3.316636395e+02 
d 0.000000000e+00 0.000000000e+00 -1.964376067e-04 2.000000000e+00 2.000000000e+00 0.000000000e+00 2.550000000e+01 2.550000000e+01 1.964376066e-04 3.326320812e+02 
d 0.000000000e+00 0.000000000e+00 -1.964658944e-04 2.000000000e+00 2.000000000e+00 0.000000000e+00 2.600000000e+01 2.600000000e+01 1.964658943e-04 3.336019740e+02 
d 0.000000000e+00 0.000000000e+00 -1.964513657e-04 2.000000000e+00 2.000000000e+00 0.000000000e+00 2.650000000e+01 2.650000000e+01 1.964513657e-04 3.345655186e+02 
d 0.000000000e+00 0.000000000e+00 -1.964323652e-04 2.000000000e+00 2.000000000e+00 0.000000000e+00 2.700000000e+01 2.700000000e+01 1.964323653e-04 3.355294337e+02 
d 0.000000000e+00 0.000000000e+00 -1.963800936e-04 2.000000000e+00 2.000000000e+00 0.000000000e+00 2.750000000e+01 2.750000000e+01 1.963800936e-04 3.364879457e+02 
d 0.000000000e+00 0.000000000e+00 -2.000660385e-04 2.000000000e+00 2.000000000e+00 0.000000000e+00 2.800000000e+01 2.800000000e+01 2.000660385e-04 3.382061109e+02 
d 0.000000000e+00 0.000000000e+00 -2.000849827e-04 2.000000000e+00 2.000000000e+00 0.000000000e+00 2.850000000e+01 2.850000000e+01 2.000849795e-04 3.392007390e+02 
d 0.000000000e+00 0.000000000e+00 -2.000929714e-04 2.000000000e+00 2.000000000e+00 0.000000000e+00 2.900000000e+01 2.900000000e+01 2.000929661e-04 3.401946518e+02 
d 0.000000000e+00 0.000000000e+00 -2.007539478e-04 2.000000000e+00 2.000000000e+00 0.000000000e+00 2.950000000e+01 2.950000000e+01 2.007539401e-04 3.413329522e+02 
d 0.000000000e+00 0.000000000e+00 -2.008901895e-04 2.000000000e+00 2.000000000e+00 0.000000000e+00 3.000000000e+01 3.000000000e+01 2.008901750e-04 3.423620814e+02 
