v ATLAS
# This file was created by ATLAS version 5.24.1.R on Sun Nov 13 12:28:25 2022.
#SSF 2.0 generic
##############################################################################
#                    Copyright (c) 1984 - 2017                               #
#                    Silvaco Inc. All rights reserved                        #
#                                                                            #
# This file format and the following Key are copyright Silvaco Inc.          #
# You may not use, this format or key without reproducing this message in    #
# full and obtaining express written permission from Silvaco Inc.            #
#                                                                            #
# To obtain such permission please contact: Silvaco Inc.                     #
#                                           support@silvaco.com              #
#                                                                            #
# KEY=SVC86hn7562asdx                       PROD=345                         #
##############################################################################
y 3 700 711 15
z 3 0.000875 300
f 3 "source" "gate" "drain" 
p 10 2 601 20 3 602 21 4 603 22 82 
d 0.000000000e+00 0.000000000e+00 2.042213316e-17 -1.500000000e+00 -1.500000000e+00 0.000000000e+00 1.000000000e+00 1.000000000e+00 1.413414514e-16 3.000000000e+02 
d 0.000000000e+00 0.000000000e+00 2.318424652e-17 -1.000000000e+00 -1.000000000e+00 0.000000000e+00 1.000000000e+00 1.000000000e+00 1.430371576e-16 3.000000000e+02 
d 0.000000000e+00 0.000000000e+00 -1.514864954e-17 -5.000000000e-01 -5.000000000e-01 0.000000000e+00 1.000000000e+00 1.000000000e+00 1.207834996e-16 3.000000000e+02 
d 0.000000000e+00 0.000000000e+00 1.481625461e-17 1.836898487e-16 1.836898487e-16 0.000000000e+00 1.000000000e+00 1.000000000e+00 1.123357043e-16 3.000000000e+02 
d 0.000000000e+00 0.000000000e+00 -1.233170643e-17 5.000000000e-01 5.000000000e-01 0.000000000e+00 1.000000000e+00 1.000000000e+00 8.389564310e-17 3.000000000e+02 
d 0.000000000e+00 0.000000000e+00 -2.550713677e-09 1.000000000e+00 1.000000000e+00 0.000000000e+00 1.000000000e+00 1.000000000e+00 2.550869248e-09 3.000000115e+02 
d 0.000000000e+00 0.000000000e+00 -1.902775988e-05 1.500000000e+00 1.500000000e+00 0.000000000e+00 1.000000000e+00 1.000000000e+00 1.902776003e-05 3.000496944e+02 
d 0.000000000e+00 0.000000000e+00 -8.647414628e-05 2.000000000e+00 2.000000000e+00 0.000000000e+00 1.000000000e+00 1.000000000e+00 8.647412742e-05 3.005761007e+02 
d 0.000000000e+00 0.000000000e+00 -1.020438744e-04 2.500000000e+00 2.500000000e+00 0.000000000e+00 1.000000000e+00 1.000000000e+00 1.020438743e-04 3.007636623e+02 
d 0.000000000e+00 0.000000000e+00 -1.084582973e-04 3.000000000e+00 3.000000000e+00 0.000000000e+00 1.000000000e+00 1.000000000e+00 1.084582952e-04 3.008450058e+02 
d 0.000000000e+00 0.000000000e+00 -1.122914647e-04 3.500000000e+00 3.500000000e+00 0.000000000e+00 1.000000000e+00 1.000000000e+00 1.122914645e-04 3.008947902e+02 
d 0.000000000e+00 0.000000000e+00 -1.158046212e-04 4.000000000e+00 4.000000000e+00 0.000000000e+00 1.000000000e+00 1.000000000e+00 1.158046211e-04 3.009413884e+02 
d 0.000000000e+00 0.000000000e+00 -1.192225312e-04 4.500000000e+00 4.500000000e+00 0.000000000e+00 1.000000000e+00 1.000000000e+00 1.192225311e-04 3.009870120e+02 
d 0.000000000e+00 0.000000000e+00 -1.223207425e-04 5.000000000e+00 5.000000000e+00 0.000000000e+00 1.000000000e+00 1.000000000e+00 1.223207424e-04 3.010286839e+02 
d 0.000000000e+00 0.000000000e+00 -1.250926372e-04 5.500000000e+00 5.500000000e+00 0.000000000e+00 1.000000000e+00 1.000000000e+00 1.250926438e-04 3.010662483e+02 
d 0.000000000e+00 0.000000000e+00 -1.275646545e-04 6.000000000e+00 6.000000000e+00 0.000000000e+00 1.000000000e+00 1.000000000e+00 1.275646619e-04 3.010999748e+02 
