v ATLAS
# This file was created by ATLAS version 5.24.1.R on Sun Nov 20 03:50:04 2022.
#SSF 2.0 generic
##############################################################################
#                    Copyright (c) 1984 - 2017                               #
#                    Silvaco Inc. All rights reserved                        #
#                                                                            #
# This file format and the following Key are copyright Silvaco Inc.          #
# You may not use, this format or key without reproducing this message in    #
# full and obtaining express written permission from Silvaco Inc.            #
#                                                                            #
# To obtain such permission please contact: Silvaco Inc.                     #
#                                           support@silvaco.com              #
#                                                                            #
# KEY=SVC86hn7562asdx                       PROD=345                         #
##############################################################################
y 3 700 711 15
z 3 0.000875 300
f 3 "source" "gate" "drain" 
p 10 2 601 20 3 602 21 4 603 22 82 
d 0.000000000e+00 0.000000000e+00 -3.500276806e-05 2.000000000e+00 2.000000000e+00 0.000000000e+00 5.000000000e-01 5.000000000e-01 3.500276805e-05 3.001015471e+02 
d 0.000000000e+00 0.000000000e+00 -6.706658587e-05 2.000000000e+00 2.000000000e+00 0.000000000e+00 1.000000000e+00 1.000000000e+00 6.706658587e-05 3.003582259e+02 
d 0.000000000e+00 0.000000000e+00 -9.627627059e-05 2.000000000e+00 2.000000000e+00 0.000000000e+00 1.500000000e+00 1.500000000e+00 9.627627058e-05 3.006907205e+02 
d 0.000000000e+00 0.000000000e+00 -1.246586821e-04 2.000000000e+00 2.000000000e+00 0.000000000e+00 2.000000000e+00 2.000000000e+00 1.246586822e-04 3.010758497e+02 
d 0.000000000e+00 0.000000000e+00 -1.403157167e-04 2.000000000e+00 2.000000000e+00 0.000000000e+00 2.500000000e+00 2.500000000e+00 1.403157167e-04 3.013352070e+02 
d 0.000000000e+00 0.000000000e+00 -1.416921732e-04 2.000000000e+00 2.000000000e+00 0.000000000e+00 3.000000000e+00 3.000000000e+00 1.416921742e-04 3.014152500e+02 
d 0.000000000e+00 0.000000000e+00 -1.430095408e-04 2.000000000e+00 2.000000000e+00 0.000000000e+00 3.500000000e+00 3.500000000e+00 1.430095418e-04 3.014980836e+02 
d 0.000000000e+00 0.000000000e+00 -1.440168683e-04 2.000000000e+00 2.000000000e+00 0.000000000e+00 4.000000000e+00 4.000000000e+00 1.440168687e-04 3.015780141e+02 
d 0.000000000e+00 0.000000000e+00 -1.450809254e-04 2.000000000e+00 2.000000000e+00 0.000000000e+00 4.500000000e+00 4.500000000e+00 1.450809269e-04 3.016611831e+02 
d 0.000000000e+00 0.000000000e+00 -1.460603317e-04 2.000000000e+00 2.000000000e+00 0.000000000e+00 5.000000000e+00 5.000000000e+00 1.460603325e-04 3.017456362e+02 
d 0.000000000e+00 0.000000000e+00 -1.470650706e-04 2.000000000e+00 2.000000000e+00 0.000000000e+00 5.500000000e+00 5.500000000e+00 1.470650710e-04 3.019841410e+02 
d 0.000000000e+00 0.000000000e+00 -1.481002610e-04 2.000000000e+00 2.000000000e+00 0.000000000e+00 6.000000000e+00 6.000000000e+00 1.481002612e-04 3.022742822e+02 
d 0.000000000e+00 0.000000000e+00 -1.491831782e-04 2.000000000e+00 2.000000000e+00 0.000000000e+00 6.500000000e+00 6.500000000e+00 1.491831783e-04 3.025686588e+02 
d 0.000000000e+00 0.000000000e+00 -1.501377342e-04 2.000000000e+00 2.000000000e+00 0.000000000e+00 7.000000000e+00 7.000000000e+00 1.501377343e-04 3.028654578e+02 
d 0.000000000e+00 0.000000000e+00 -1.512148353e-04 2.000000000e+00 2.000000000e+00 0.000000000e+00 7.500000000e+00 7.500000000e+00 1.512148353e-04 3.031673566e+02 
d 0.000000000e+00 0.000000000e+00 -1.521497872e-04 2.000000000e+00 2.000000000e+00 0.000000000e+00 8.000000000e+00 8.000000000e+00 1.521497872e-04 3.034708843e+02 
d 0.000000000e+00 0.000000000e+00 -1.530607414e-04 2.000000000e+00 2.000000000e+00 0.000000000e+00 8.500000000e+00 8.500000000e+00 1.530607414e-04 3.037771496e+02 
d 0.000000000e+00 0.000000000e+00 -1.539382261e-04 2.000000000e+00 2.000000000e+00 0.000000000e+00 9.000000000e+00 9.000000000e+00 1.539382261e-04 3.040855087e+02 
d 0.000000000e+00 0.000000000e+00 -1.547756346e-04 2.000000000e+00 2.000000000e+00 0.000000000e+00 9.500000000e+00 9.500000000e+00 1.547756346e-04 3.043948187e+02 
d 0.000000000e+00 0.000000000e+00 -1.555873903e-04 2.000000000e+00 2.000000000e+00 0.000000000e+00 1.000000000e+01 1.000000000e+01 1.555873903e-04 3.047024569e+02 
d 0.000000000e+00 0.000000000e+00 -1.562390758e-04 2.000000000e+00 2.000000000e+00 0.000000000e+00 1.050000000e+01 1.050000000e+01 1.562390758e-04 3.049830247e+02 
d 0.000000000e+00 0.000000000e+00 -1.563119932e-04 2.000000000e+00 2.000000000e+00 0.000000000e+00 1.100000000e+01 1.100000000e+01 1.563119931e-04 3.051414375e+02 
d 0.000000000e+00 0.000000000e+00 -1.563363718e-04 2.000000000e+00 2.000000000e+00 0.000000000e+00 1.150000000e+01 1.150000000e+01 1.563363717e-04 3.052892292e+02 
d 0.000000000e+00 0.000000000e+00 -1.563582670e-04 2.000000000e+00 2.000000000e+00 0.000000000e+00 1.200000000e+01 1.200000000e+01 1.563582669e-04 3.054356813e+02 
d 0.000000000e+00 0.000000000e+00 -1.563712619e-04 2.000000000e+00 2.000000000e+00 0.000000000e+00 1.250000000e+01 1.250000000e+01 1.563712619e-04 3.055813330e+02 
d 0.000000000e+00 0.000000000e+00 -1.563858232e-04 2.000000000e+00 2.000000000e+00 0.000000000e+00 1.300000000e+01 1.300000000e+01 1.563858233e-04 3.062327571e+02 
d 0.000000000e+00 0.000000000e+00 -1.564024112e-04 2.000000000e+00 2.000000000e+00 0.000000000e+00 1.350000000e+01 1.350000000e+01 1.564024112e-04 3.069916905e+02 
d 0.000000000e+00 0.000000000e+00 -1.564117570e-04 2.000000000e+00 2.000000000e+00 0.000000000e+00 1.400000000e+01 1.400000000e+01 1.564117570e-04 3.077516207e+02 
d 0.000000000e+00 0.000000000e+00 -1.564256127e-04 2.000000000e+00 2.000000000e+00 0.000000000e+00 1.450000000e+01 1.450000000e+01 1.564256127e-04 3.085127349e+02 
d 0.000000000e+00 0.000000000e+00 -1.564396041e-04 2.000000000e+00 2.000000000e+00 0.000000000e+00 1.500000000e+01 1.500000000e+01 1.564396042e-04 3.092749297e+02 
d 0.000000000e+00 0.000000000e+00 -1.564612073e-04 2.000000000e+00 2.000000000e+00 0.000000000e+00 1.550000000e+01 1.550000000e+01 1.564612073e-04 3.100384957e+02 
d 0.000000000e+00 0.000000000e+00 -1.564684432e-04 2.000000000e+00 2.000000000e+00 0.000000000e+00 1.575000000e+01 1.575000000e+01 1.564684432e-04 3.104205821e+02 
d 0.000000000e+00 0.000000000e+00 -1.564683583e-04 2.000000000e+00 2.000000000e+00 0.000000000e+00 1.600000000e+01 1.600000000e+01 1.564683583e-04 3.108025922e+02 
d 0.000000000e+00 0.000000000e+00 -1.564821626e-04 2.000000000e+00 2.000000000e+00 0.000000000e+00 1.650000000e+01 1.650000000e+01 1.564821626e-04 3.115679793e+02 
d 0.000000000e+00 0.000000000e+00 -1.564923994e-04 2.000000000e+00 2.000000000e+00 0.000000000e+00 1.700000000e+01 1.700000000e+01 1.564923994e-04 3.123343832e+02 
d 0.000000000e+00 0.000000000e+00 -1.565043258e-04 2.000000000e+00 2.000000000e+00 0.000000000e+00 1.750000000e+01 1.750000000e+01 1.565043258e-04 3.131017726e+02 
d 0.000000000e+00 0.000000000e+00 -1.565136640e-04 2.000000000e+00 2.000000000e+00 0.000000000e+00 1.800000000e+01 1.800000000e+01 1.565136640e-04 3.138700322e+02 
d 0.000000000e+00 0.000000000e+00 -1.565537834e-04 2.000000000e+00 2.000000000e+00 0.000000000e+00 1.850000000e+01 1.850000000e+01 1.565537834e-04 3.146412180e+02 
d 0.000000000e+00 0.000000000e+00 -1.565576221e-04 2.000000000e+00 2.000000000e+00 0.000000000e+00 1.900000000e+01 1.900000000e+01 1.565576221e-04 3.154112142e+02 
d 0.000000000e+00 0.000000000e+00 -1.562928923e-04 2.000000000e+00 2.000000000e+00 0.000000000e+00 1.950000000e+01 1.950000000e+01 1.562928923e-04 3.161611257e+02 
d 0.000000000e+00 0.000000000e+00 -1.562857724e-04 2.000000000e+00 2.000000000e+00 0.000000000e+00 2.000000000e+01 2.000000000e+01 1.562857724e-04 3.169307060e+02 
d 0.000000000e+00 0.000000000e+00 -1.562969383e-04 2.000000000e+00 2.000000000e+00 0.000000000e+00 2.050000000e+01 2.050000000e+01 1.562969383e-04 3.177027175e+02 
d 0.000000000e+00 0.000000000e+00 -1.563072538e-04 2.000000000e+00 2.000000000e+00 0.000000000e+00 2.100000000e+01 2.100000000e+01 1.563072538e-04 3.184756242e+02 
d 0.000000000e+00 0.000000000e+00 -1.563180939e-04 2.000000000e+00 2.000000000e+00 0.000000000e+00 2.150000000e+01 2.150000000e+01 1.563180940e-04 3.192495412e+02 
d 0.000000000e+00 0.000000000e+00 -1.563275340e-04 2.000000000e+00 2.000000000e+00 0.000000000e+00 2.200000000e+01 2.200000000e+01 1.563275340e-04 3.200242684e+02 
d 0.000000000e+00 0.000000000e+00 -1.563330922e-04 2.000000000e+00 2.000000000e+00 0.000000000e+00 2.250000000e+01 2.250000000e+01 1.563330922e-04 3.207995121e+02 
d 0.000000000e+00 0.000000000e+00 -1.563401262e-04 2.000000000e+00 2.000000000e+00 0.000000000e+00 2.300000000e+01 2.300000000e+01 1.563401262e-04 3.215758144e+02 
d 0.000000000e+00 0.000000000e+00 -1.563448854e-04 2.000000000e+00 2.000000000e+00 0.000000000e+00 2.325000000e+01 2.325000000e+01 1.563448854e-04 3.219644008e+02 
d 0.000000000e+00 0.000000000e+00 -1.563503461e-04 2.000000000e+00 2.000000000e+00 0.000000000e+00 2.350000000e+01 2.350000000e+01 1.563503461e-04 3.223533528e+02 
d 0.000000000e+00 0.000000000e+00 -1.563616277e-04 2.000000000e+00 2.000000000e+00 0.000000000e+00 2.400000000e+01 2.400000000e+01 1.563616277e-04 3.231320504e+02 
d 0.000000000e+00 0.000000000e+00 -1.563714385e-04 2.000000000e+00 2.000000000e+00 0.000000000e+00 2.450000000e+01 2.450000000e+01 1.563714385e-04 3.239114481e+02 
d 0.000000000e+00 0.000000000e+00 -1.570476807e-04 2.000000000e+00 2.000000000e+00 0.000000000e+00 2.500000000e+01 2.500000000e+01 1.570476807e-04 3.247814106e+02 
d 0.000000000e+00 0.000000000e+00 -1.570565678e-04 2.000000000e+00 2.000000000e+00 0.000000000e+00 2.550000000e+01 2.550000000e+01 1.570565678e-04 3.255659559e+02 
d 0.000000000e+00 0.000000000e+00 -1.570667165e-04 2.000000000e+00 2.000000000e+00 0.000000000e+00 2.600000000e+01 2.600000000e+01 1.570667165e-04 3.263515904e+02 
d 0.000000000e+00 0.000000000e+00 -1.570759160e-04 2.000000000e+00 2.000000000e+00 0.000000000e+00 2.650000000e+01 2.650000000e+01 1.570759161e-04 3.271380050e+02 
d 0.000000000e+00 0.000000000e+00 -1.570861223e-04 2.000000000e+00 2.000000000e+00 0.000000000e+00 2.700000000e+01 2.700000000e+01 1.570861223e-04 3.279254861e+02 
d 0.000000000e+00 0.000000000e+00 -1.570973828e-04 2.000000000e+00 2.000000000e+00 0.000000000e+00 2.750000000e+01 2.750000000e+01 1.570973828e-04 3.287140573e+02 
d 0.000000000e+00 0.000000000e+00 -1.571243747e-04 2.000000000e+00 2.000000000e+00 0.000000000e+00 2.800000000e+01 2.800000000e+01 1.571243747e-04 3.295061666e+02 
d 0.000000000e+00 0.000000000e+00 -1.571251752e-04 2.000000000e+00 2.000000000e+00 0.000000000e+00 2.850000000e+01 2.850000000e+01 1.571251752e-04 3.302948944e+02 
d 0.000000000e+00 0.000000000e+00 -1.571360298e-04 2.000000000e+00 2.000000000e+00 0.000000000e+00 2.900000000e+01 2.900000000e+01 1.571360298e-04 3.310862130e+02 
d 0.000000000e+00 0.000000000e+00 -1.571498051e-04 2.000000000e+00 2.000000000e+00 0.000000000e+00 2.950000000e+01 2.950000000e+01 1.571498051e-04 3.318789893e+02 
d 0.000000000e+00 0.000000000e+00 -1.571602011e-04 2.000000000e+00 2.000000000e+00 0.000000000e+00 3.000000000e+01 3.000000000e+01 1.571602011e-04 3.326720937e+02 
