v ATLAS
# This file was created by ATLAS version 5.24.1.R on Thu Nov 17 15:47:32 2022.
#SSF 2.0 generic
##############################################################################
#                    Copyright (c) 1984 - 2017                               #
#                    Silvaco Inc. All rights reserved                        #
#                                                                            #
# This file format and the following Key are copyright Silvaco Inc.          #
# You may not use, this format or key without reproducing this message in    #
# full and obtaining express written permission from Silvaco Inc.            #
#                                                                            #
# To obtain such permission please contact: Silvaco Inc.                     #
#                                           support@silvaco.com              #
#                                                                            #
# KEY=SVC86hn7562asdx                       PROD=345                         #
##############################################################################
y 3 700 711 15
z 3 0.000875 300
f 3 "source" "gate" "drain" 
p 10 2 601 20 3 602 21 4 603 22 82 
d 0.000000000e+00 0.000000000e+00 -2.425584855e-18 -1.500000000e+00 -1.500000000e+00 0.000000000e+00 1.000000000e+00 1.000000000e+00 7.391918049e-18 3.000000000e+02 
d 0.000000000e+00 0.000000000e+00 -1.669288875e-18 -1.000000000e+00 -1.000000000e+00 0.000000000e+00 1.000000000e+00 1.000000000e+00 7.439181767e-18 3.000000000e+02 
d 0.000000000e+00 0.000000000e+00 6.019029735e-18 -5.000000000e-01 -5.000000000e-01 0.000000000e+00 1.000000000e+00 1.000000000e+00 7.417280468e-18 3.000000000e+02 
d 0.000000000e+00 0.000000000e+00 7.206999946e-19 1.836898487e-16 1.836898487e-16 0.000000000e+00 1.000000000e+00 1.000000000e+00 7.357988882e-18 3.000000000e+02 
d 0.000000000e+00 0.000000000e+00 2.625482019e-18 5.000000000e-01 5.000000000e-01 0.000000000e+00 1.000000000e+00 1.000000000e+00 7.500787140e-18 3.000000000e+02 
d 0.000000000e+00 0.000000000e+00 -1.030506332e-09 1.000000000e+00 1.000000000e+00 0.000000000e+00 1.000000000e+00 1.000000000e+00 1.030519311e-09 3.000000044e+02 
d 0.000000000e+00 0.000000000e+00 -1.801204302e-05 1.500000000e+00 1.500000000e+00 0.000000000e+00 1.000000000e+00 1.000000000e+00 1.801204302e-05 3.000429692e+02 
d 0.000000000e+00 0.000000000e+00 -6.089847376e-05 2.000000000e+00 2.000000000e+00 0.000000000e+00 1.000000000e+00 1.000000000e+00 6.089847376e-05 3.002721100e+02 
d 0.000000000e+00 0.000000000e+00 -6.619415921e-05 2.500000000e+00 2.500000000e+00 0.000000000e+00 1.000000000e+00 1.000000000e+00 6.619415921e-05 3.003168191e+02 
d 0.000000000e+00 0.000000000e+00 -6.846282209e-05 3.000000000e+00 3.000000000e+00 0.000000000e+00 1.000000000e+00 1.000000000e+00 6.846282209e-05 3.003366361e+02 
d 0.000000000e+00 0.000000000e+00 -6.956096898e-05 3.500000000e+00 3.500000000e+00 0.000000000e+00 1.000000000e+00 1.000000000e+00 6.956096879e-05 3.003464190e+02 
d 0.000000000e+00 0.000000000e+00 -7.036354908e-05 4.000000000e+00 4.000000000e+00 0.000000000e+00 1.000000000e+00 1.000000000e+00 7.036354901e-05 3.003537671e+02 
d 0.000000000e+00 0.000000000e+00 -7.101085634e-05 4.500000000e+00 4.500000000e+00 0.000000000e+00 1.000000000e+00 1.000000000e+00 7.101085629e-05 3.003596230e+02 
d 0.000000000e+00 0.000000000e+00 -7.151053967e-05 5.000000000e+00 5.000000000e+00 0.000000000e+00 1.000000000e+00 1.000000000e+00 7.151053964e-05 3.003641090e+02 
d 0.000000000e+00 0.000000000e+00 -7.190511103e-05 5.500000000e+00 5.500000000e+00 0.000000000e+00 1.000000000e+00 1.000000000e+00 7.190511101e-05 3.003676368e+02 
d 0.000000000e+00 0.000000000e+00 -7.222404316e-05 6.000000000e+00 6.000000000e+00 0.000000000e+00 1.000000000e+00 1.000000000e+00 7.222404315e-05 3.003704784e+02 
