v ATLAS
# This file was created by ATLAS version 5.24.1.R on Wed Nov 16 13:48:34 2022.
#SSF 2.0 generic
##############################################################################
#                    Copyright (c) 1984 - 2017                               #
#                    Silvaco Inc. All rights reserved                        #
#                                                                            #
# This file format and the following Key are copyright Silvaco Inc.          #
# You may not use, this format or key without reproducing this message in    #
# full and obtaining express written permission from Silvaco Inc.            #
#                                                                            #
# To obtain such permission please contact: Silvaco Inc.                     #
#                                           support@silvaco.com              #
#                                                                            #
# KEY=SVC86hn7562asdx                       PROD=345                         #
##############################################################################
y 3 700 711 15
z 0.3 0.02 300
f 4 "source" "gate" "drain" "substrate" 
p 13 2 601 20 3 602 21 4 603 22 5 604 23 82 
d 0.000000000e+00 0.000000000e+00 -3.937766963e-17 -1.950000000e+00 -1.950000000e+00 0.000000000e+00 1.000000000e+00 1.000000000e+00 3.825938548e-16 0.000000000e+00 0.000000000e+00 -3.525917443e-16 3.000000000e+02 
d 0.000000000e+00 0.000000000e+00 -4.179267672e-17 -1.900000000e+00 -1.900000000e+00 0.000000000e+00 1.000000000e+00 1.000000000e+00 4.046772134e-16 0.000000000e+00 0.000000000e+00 -3.545306587e-16 3.000000000e+02 
d 0.000000000e+00 0.000000000e+00 -5.010160652e-17 -1.800000000e+00 -1.800000000e+00 0.000000000e+00 1.000000000e+00 1.000000000e+00 4.080750295e-16 0.000000000e+00 0.000000000e+00 -3.587458801e-16 3.000000000e+02 
d 0.000000000e+00 0.000000000e+00 -6.435667538e-17 -1.700000000e+00 -1.700000000e+00 0.000000000e+00 1.000000000e+00 1.000000000e+00 4.218638378e-16 0.000000000e+00 0.000000000e+00 -3.637631819e-16 3.000000000e+02 
d 0.000000000e+00 0.000000000e+00 -8.735798614e-17 -1.600000000e+00 -1.600000000e+00 0.000000000e+00 1.000000000e+00 1.000000000e+00 4.541723414e-16 0.000000000e+00 0.000000000e+00 -3.699754021e-16 3.000000000e+02 
d 0.000000000e+00 0.000000000e+00 -1.432556097e-16 -1.500000000e+00 -1.500000000e+00 0.000000000e+00 1.000000000e+00 1.000000000e+00 5.157883259e-16 0.000000000e+00 0.000000000e+00 -3.774641119e-16 3.000000000e+02 
d 0.000000000e+00 0.000000000e+00 -3.220183506e-16 -1.400000000e+00 -1.400000000e+00 0.000000000e+00 1.000000000e+00 1.000000000e+00 7.143734745e-16 0.000000000e+00 0.000000000e+00 -3.865005518e-16 3.000000000e+02 
d 0.000000000e+00 0.000000000e+00 -1.063334148e-15 -1.300000000e+00 -1.300000000e+00 0.000000000e+00 1.000000000e+00 1.000000000e+00 1.473057703e-15 0.000000000e+00 0.000000000e+00 -3.947365158e-16 3.000000000e+02 
d 0.000000000e+00 0.000000000e+00 -4.439461841e-15 -1.200000000e+00 -1.200000000e+00 0.000000000e+00 1.000000000e+00 1.000000000e+00 4.832147044e-15 0.000000000e+00 0.000000000e+00 -3.966045994e-16 3.000000000e+02 
d 0.000000000e+00 0.000000000e+00 -2.238197240e-14 -1.100000000e+00 -1.100000000e+00 0.000000000e+00 1.000000000e+00 1.000000000e+00 2.277214251e-14 0.000000000e+00 0.000000000e+00 -3.771611171e-16 3.000000000e+02 
d 0.000000000e+00 0.000000000e+00 -1.342816783e-13 -1.000000000e+00 -1.000000000e+00 0.000000000e+00 1.000000000e+00 1.000000000e+00 1.345569207e-13 0.000000000e+00 0.000000000e+00 -2.850542854e-16 3.000000000e+02 
d 0.000000000e+00 0.000000000e+00 -9.337499588e-13 -9.000000000e-01 -9.000000000e-01 0.000000000e+00 1.000000000e+00 1.000000000e+00 9.336657700e-13 0.000000000e+00 0.000000000e+00 7.893672532e-17 3.000000000e+02 
d 0.000000000e+00 0.000000000e+00 -7.119663338e-12 -8.000000000e-01 -8.000000000e-01 0.000000000e+00 1.000000000e+00 1.000000000e+00 7.118139466e-12 0.000000000e+00 0.000000000e+00 1.525379178e-15 3.000000000e+02 
d 0.000000000e+00 0.000000000e+00 -5.921295643e-11 -7.000000000e-01 -7.000000000e-01 0.000000000e+00 1.000000000e+00 1.000000000e+00 5.920536328e-11 0.000000000e+00 0.000000000e+00 7.590716117e-15 3.000000002e+02 
d 0.000000000e+00 0.000000000e+00 -1.751592537e-10 -6.500000000e-01 -6.500000000e-01 0.000000000e+00 1.000000000e+00 1.000000000e+00 1.751430698e-10 0.000000000e+00 0.000000000e+00 1.618925688e-14 3.000000006e+02 
d 0.000000000e+00 0.000000000e+00 -5.246999312e-10 -6.000000000e-01 -6.000000000e-01 0.000000000e+00 1.000000000e+00 1.000000000e+00 5.246653624e-10 0.000000000e+00 0.000000000e+00 3.456219492e-14 3.000000019e+02 
d 0.000000000e+00 0.000000000e+00 -9.113451436e-10 -5.750000000e-01 -5.750000000e-01 0.000000000e+00 1.000000000e+00 1.000000000e+00 9.112743518e-10 0.000000000e+00 0.000000000e+00 5.062367309e-14 3.000000032e+02 
d 0.000000000e+00 0.000000000e+00 -1.585528443e-09 -5.500000000e-01 -5.500000000e-01 0.000000000e+00 1.000000000e+00 1.000000000e+00 1.585430112e-09 0.000000000e+00 0.000000000e+00 7.428277509e-14 3.000000056e+02 
d 0.000000000e+00 0.000000000e+00 -4.812060361e-09 -5.000000000e-01 -5.000000000e-01 0.000000000e+00 1.000000000e+00 1.000000000e+00 4.811899703e-09 0.000000000e+00 0.000000000e+00 1.606694590e-13 3.000000169e+02 
d 0.000000000e+00 0.000000000e+00 -4.374718692e-08 -4.000000000e-01 -4.000000000e-01 0.000000000e+00 1.000000000e+00 1.000000000e+00 4.374643709e-08 0.000000000e+00 0.000000000e+00 7.498438443e-13 3.000001517e+02 
d 0.000000000e+00 0.000000000e+00 -3.534922686e-07 -3.000000000e-01 -3.000000000e-01 0.000000000e+00 1.000000000e+00 1.000000000e+00 3.534890874e-07 0.000000000e+00 0.000000000e+00 3.181146168e-12 3.000012058e+02 
d 0.000000000e+00 0.000000000e+00 -8.887553454e-07 -2.500000000e-01 -2.500000000e-01 0.000000000e+00 1.000000000e+00 1.000000000e+00 8.887494345e-07 0.000000000e+00 0.000000000e+00 5.910918957e-12 3.000030049e+02 
d 0.000000000e+00 0.000000000e+00 -1.341271192e-06 -2.250000000e-01 -2.250000000e-01 0.000000000e+00 1.000000000e+00 1.000000000e+00 1.341263427e-06 0.000000000e+00 0.000000000e+00 7.733965499e-12 3.000045144e+02 
d 0.000000000e+00 0.000000000e+00 -1.951189356e-06 -2.000000000e-01 -2.000000000e-01 0.000000000e+00 1.000000000e+00 1.000000000e+00 1.951179535e-06 0.000000000e+00 0.000000000e+00 9.821019775e-12 3.000065376e+02 
d 0.000000000e+00 0.000000000e+00 -6.156259733e-06 -1.000000000e-01 -1.000000000e-01 0.000000000e+00 1.000000000e+00 1.000000000e+00 6.156240397e-06 0.000000000e+00 0.000000000e+00 1.932978764e-11 3.000202574e+02 
d 0.000000000e+00 0.000000000e+00 -1.291245590e-05 -4.821858528e-16 -4.821858528e-16 0.000000000e+00 1.000000000e+00 1.000000000e+00 1.291242793e-05 0.000000000e+00 0.000000000e+00 2.796753223e-11 3.000417624e+02 
d 0.000000000e+00 0.000000000e+00 -2.150301552e-05 1.000000000e-01 1.000000000e-01 0.000000000e+00 1.000000000e+00 1.000000000e+00 2.150298098e-05 0.000000000e+00 0.000000000e+00 3.454511376e-11 3.000684950e+02 
d 0.000000000e+00 0.000000000e+00 -3.135468872e-05 2.000000000e-01 2.000000000e-01 0.000000000e+00 1.000000000e+00 1.000000000e+00 3.135464939e-05 0.000000000e+00 0.000000000e+00 3.933130796e-11 3.000986043e+02 
d 0.000000000e+00 0.000000000e+00 -4.210213931e-05 3.000000000e-01 3.000000000e-01 0.000000000e+00 1.000000000e+00 1.000000000e+00 4.210209647e-05 0.000000000e+00 0.000000000e+00 4.283495211e-11 3.001309094e+02 
d 0.000000000e+00 0.000000000e+00 -5.349961723e-05 4.000000000e-01 4.000000000e-01 0.000000000e+00 1.000000000e+00 1.000000000e+00 5.349957179e-05 0.000000000e+00 0.000000000e+00 4.543995562e-11 3.001646798e+02 
d 0.000000000e+00 0.000000000e+00 -6.540379834e-05 5.000000000e-01 5.000000000e-01 0.000000000e+00 1.000000000e+00 1.000000000e+00 6.540375111e-05 0.000000000e+00 0.000000000e+00 4.748096445e-11 3.001995234e+02 
d 0.000000000e+00 0.000000000e+00 -7.768938592e-05 6.000000000e-01 6.000000000e-01 0.000000000e+00 1.000000000e+00 1.000000000e+00 7.768933662e-05 0.000000000e+00 0.000000000e+00 4.910568238e-11 3.002351022e+02 
d 0.000000000e+00 0.000000000e+00 -9.027303338e-05 7.000000000e-01 7.000000000e-01 0.000000000e+00 1.000000000e+00 1.000000000e+00 9.027298294e-05 0.000000000e+00 0.000000000e+00 5.044873175e-11 3.002712034e+02 
d 0.000000000e+00 0.000000000e+00 -1.031090449e-04 8.000000000e-01 8.000000000e-01 0.000000000e+00 1.000000000e+00 1.000000000e+00 1.031089933e-04 0.000000000e+00 0.000000000e+00 5.163238643e-11 3.003077336e+02 
d 0.000000000e+00 0.000000000e+00 -1.161574764e-04 9.000000000e-01 9.000000000e-01 0.000000000e+00 1.000000000e+00 1.000000000e+00 1.161574236e-04 0.000000000e+00 0.000000000e+00 5.273251987e-11 3.003446100e+02 
d 0.000000000e+00 0.000000000e+00 -1.293716810e-04 1.000000000e+00 1.000000000e+00 0.000000000e+00 1.000000000e+00 1.000000000e+00 1.293716272e-04 0.000000000e+00 0.000000000e+00 5.376313865e-11 3.003817160e+02 
d 0.000000000e+00 0.000000000e+00 -1.427219154e-04 1.100000000e+00 1.100000000e+00 0.000000000e+00 1.000000000e+00 1.000000000e+00 1.427218606e-04 0.000000000e+00 0.000000000e+00 5.474937011e-11 3.004189851e+02 
d 0.000000000e+00 0.000000000e+00 -1.561839079e-04 1.200000000e+00 1.200000000e+00 0.000000000e+00 1.000000000e+00 1.000000000e+00 1.561838521e-04 0.000000000e+00 0.000000000e+00 5.570755327e-11 3.004563638e+02 
d 0.000000000e+00 0.000000000e+00 -1.697374277e-04 1.300000000e+00 1.300000000e+00 0.000000000e+00 1.000000000e+00 1.000000000e+00 1.697373710e-04 0.000000000e+00 0.000000000e+00 5.664756505e-11 3.004938074e+02 
d 0.000000000e+00 0.000000000e+00 -1.833654253e-04 1.400000000e+00 1.400000000e+00 0.000000000e+00 1.000000000e+00 1.000000000e+00 1.833653676e-04 0.000000000e+00 0.000000000e+00 5.757459385e-11 3.005312774e+02 
d 0.000000000e+00 0.000000000e+00 -1.970534526e-04 1.500000000e+00 1.500000000e+00 0.000000000e+00 1.000000000e+00 1.000000000e+00 1.970533940e-04 0.000000000e+00 0.000000000e+00 5.849096621e-11 3.005687414e+02 
d 0.000000000e+00 0.000000000e+00 -2.107891468e-04 1.600000000e+00 1.600000000e+00 0.000000000e+00 1.000000000e+00 1.000000000e+00 2.107890872e-04 0.000000000e+00 0.000000000e+00 5.939688216e-11 3.006061712e+02 
d 0.000000000e+00 0.000000000e+00 -2.245843999e-04 1.700000000e+00 1.700000000e+00 0.000000000e+00 1.000000000e+00 1.000000000e+00 2.245843396e-04 0.000000000e+00 0.000000000e+00 6.034297155e-11 3.006436121e+02 
d 0.000000000e+00 0.000000000e+00 -2.384194495e-04 1.800000000e+00 1.800000000e+00 0.000000000e+00 1.000000000e+00 1.000000000e+00 2.384193882e-04 0.000000000e+00 0.000000000e+00 6.130259626e-11 3.006810190e+02 
d 0.000000000e+00 0.000000000e+00 -2.522833589e-04 1.900000000e+00 1.900000000e+00 0.000000000e+00 1.000000000e+00 1.000000000e+00 2.522832966e-04 0.000000000e+00 0.000000000e+00 6.226589517e-11 3.007183641e+02 
d 0.000000000e+00 0.000000000e+00 -2.661694920e-04 2.000000000e+00 2.000000000e+00 0.000000000e+00 1.000000000e+00 1.000000000e+00 2.661694287e-04 0.000000000e+00 0.000000000e+00 6.322993400e-11 3.007558240e+02 
d 0.000000000e+00 0.000000000e+00 -2.800724619e-04 2.100000000e+00 2.100000000e+00 0.000000000e+00 1.000000000e+00 1.000000000e+00 2.800723977e-04 0.000000000e+00 0.000000000e+00 6.419286525e-11 3.007968558e+02 
d 0.000000000e+00 0.000000000e+00 -2.939876730e-04 2.200000000e+00 2.200000000e+00 0.000000000e+00 1.000000000e+00 1.000000000e+00 2.939876078e-04 0.000000000e+00 0.000000000e+00 6.515293398e-11 3.008383723e+02 
d 0.000000000e+00 0.000000000e+00 -3.079111669e-04 2.300000000e+00 2.300000000e+00 0.000000000e+00 1.000000000e+00 1.000000000e+00 3.079111008e-04 0.000000000e+00 0.000000000e+00 6.610841895e-11 3.008804897e+02 
d 0.000000000e+00 0.000000000e+00 -3.218395391e-04 2.400000000e+00 2.400000000e+00 0.000000000e+00 1.000000000e+00 1.000000000e+00 3.218394720e-04 0.000000000e+00 0.000000000e+00 6.705769140e-11 3.009227029e+02 
d 0.000000000e+00 0.000000000e+00 -3.357698546e-04 2.500000000e+00 2.500000000e+00 0.000000000e+00 1.000000000e+00 1.000000000e+00 3.357697866e-04 0.000000000e+00 0.000000000e+00 6.799923214e-11 3.009649905e+02 
d 0.000000000e+00 0.000000000e+00 -3.496999234e-04 2.600000000e+00 2.600000000e+00 0.000000000e+00 1.000000000e+00 1.000000000e+00 3.496998545e-04 0.000000000e+00 0.000000000e+00 6.893272229e-11 3.010073354e+02 
d 0.000000000e+00 0.000000000e+00 -3.636272934e-04 2.700000000e+00 2.700000000e+00 0.000000000e+00 1.000000000e+00 1.000000000e+00 3.636272236e-04 0.000000000e+00 0.000000000e+00 6.985614783e-11 3.010497200e+02 
d 0.000000000e+00 0.000000000e+00 -3.775500261e-04 2.800000000e+00 2.800000000e+00 0.000000000e+00 1.000000000e+00 1.000000000e+00 3.775499553e-04 0.000000000e+00 0.000000000e+00 7.076816957e-11 3.010921298e+02 
d 0.000000000e+00 0.000000000e+00 -3.914664775e-04 2.900000000e+00 2.900000000e+00 0.000000000e+00 1.000000000e+00 1.000000000e+00 3.914664059e-04 0.000000000e+00 0.000000000e+00 7.166772761e-11 3.011349503e+02 
d 0.000000000e+00 0.000000000e+00 -4.053752302e-04 3.000000000e+00 3.000000000e+00 0.000000000e+00 1.000000000e+00 1.000000000e+00 4.053751576e-04 0.000000000e+00 0.000000000e+00 7.255385728e-11 3.011781445e+02 
d 0.000000000e+00 0.000000000e+00 -4.192750184e-04 3.100000000e+00 3.100000000e+00 0.000000000e+00 1.000000000e+00 1.000000000e+00 4.192749449e-04 0.000000000e+00 0.000000000e+00 7.342570105e-11 3.012213508e+02 
d 0.000000000e+00 0.000000000e+00 -4.331647335e-04 3.200000000e+00 3.200000000e+00 0.000000000e+00 1.000000000e+00 1.000000000e+00 4.331646592e-04 0.000000000e+00 0.000000000e+00 7.428243305e-11 3.012645596e+02 
d 0.000000000e+00 0.000000000e+00 -4.470400831e-04 3.300000000e+00 3.300000000e+00 0.000000000e+00 1.000000000e+00 1.000000000e+00 4.470400157e-04 0.000000000e+00 0.000000000e+00 7.515572084e-11 3.013077724e+02 
d 0.000000000e+00 0.000000000e+00 -4.609070032e-04 3.400000000e+00 3.400000000e+00 0.000000000e+00 1.000000000e+00 1.000000000e+00 4.609069347e-04 0.000000000e+00 0.000000000e+00 7.597664774e-11 3.013509608e+02 
d 0.000000000e+00 0.000000000e+00 -4.747612170e-04 3.500000000e+00 3.500000000e+00 0.000000000e+00 1.000000000e+00 1.000000000e+00 4.747611474e-04 0.000000000e+00 0.000000000e+00 7.678053302e-11 3.013941282e+02 
d 0.000000000e+00 0.000000000e+00 -4.886134687e-04 3.600000000e+00 3.600000000e+00 0.000000000e+00 1.000000000e+00 1.000000000e+00 4.886133969e-04 0.000000000e+00 0.000000000e+00 7.764205764e-11 3.014373300e+02 
d 0.000000000e+00 0.000000000e+00 -5.024592594e-04 3.700000000e+00 3.700000000e+00 0.000000000e+00 1.000000000e+00 1.000000000e+00 5.024591875e-04 0.000000000e+00 0.000000000e+00 7.840120812e-11 3.014804964e+02 
d 0.000000000e+00 0.000000000e+00 -5.162909736e-04 3.800000000e+00 3.800000000e+00 0.000000000e+00 1.000000000e+00 1.000000000e+00 5.162909007e-04 0.000000000e+00 0.000000000e+00 7.919213618e-11 3.015236452e+02 
d 0.000000000e+00 0.000000000e+00 -5.301106744e-04 3.900000000e+00 3.900000000e+00 0.000000000e+00 1.000000000e+00 1.000000000e+00 5.301106005e-04 0.000000000e+00 0.000000000e+00 7.997020633e-11 3.015667659e+02 
d 0.000000000e+00 0.000000000e+00 -5.439181240e-04 4.000000000e+00 4.000000000e+00 0.000000000e+00 1.000000000e+00 1.000000000e+00 5.439180491e-04 0.000000000e+00 0.000000000e+00 8.073515858e-11 3.016098556e+02 
d 0.000000000e+00 0.000000000e+00 -5.577133006e-04 4.100000000e+00 4.100000000e+00 0.000000000e+00 1.000000000e+00 1.000000000e+00 5.577132242e-04 0.000000000e+00 0.000000000e+00 8.148863905e-11 3.016529137e+02 
d 0.000000000e+00 0.000000000e+00 -5.714964443e-04 4.200000000e+00 4.200000000e+00 0.000000000e+00 1.000000000e+00 1.000000000e+00 5.714963674e-04 0.000000000e+00 0.000000000e+00 8.222877611e-11 3.016964442e+02 
d 0.000000000e+00 0.000000000e+00 -5.852667962e-04 4.300000000e+00 4.300000000e+00 0.000000000e+00 1.000000000e+00 1.000000000e+00 5.852667184e-04 0.000000000e+00 0.000000000e+00 8.295657123e-11 3.017400591e+02 
d 0.000000000e+00 0.000000000e+00 -5.990243354e-04 4.400000000e+00 4.400000000e+00 0.000000000e+00 1.000000000e+00 1.000000000e+00 5.990242567e-04 0.000000000e+00 0.000000000e+00 8.367122577e-11 3.017836445e+02 
d 0.000000000e+00 0.000000000e+00 -6.127689755e-04 4.500000000e+00 4.500000000e+00 0.000000000e+00 1.000000000e+00 1.000000000e+00 6.127688959e-04 0.000000000e+00 0.000000000e+00 8.437274718e-11 3.018271985e+02 
d 0.000000000e+00 0.000000000e+00 -6.265006419e-04 4.600000000e+00 4.600000000e+00 0.000000000e+00 1.000000000e+00 1.000000000e+00 6.265005614e-04 0.000000000e+00 0.000000000e+00 8.506112907e-11 3.018707193e+02 
d 0.000000000e+00 0.000000000e+00 -6.402192914e-04 4.700000000e+00 4.700000000e+00 0.000000000e+00 1.000000000e+00 1.000000000e+00 6.402192101e-04 0.000000000e+00 0.000000000e+00 8.573634831e-11 3.019142056e+02 
d 0.000000000e+00 0.000000000e+00 -6.539248837e-04 4.800000000e+00 4.800000000e+00 0.000000000e+00 1.000000000e+00 1.000000000e+00 6.539248015e-04 0.000000000e+00 0.000000000e+00 8.639853887e-11 3.019576560e+02 
d 0.000000000e+00 0.000000000e+00 -6.676174003e-04 4.900000000e+00 4.900000000e+00 0.000000000e+00 1.000000000e+00 1.000000000e+00 6.676173174e-04 0.000000000e+00 0.000000000e+00 8.704769382e-11 3.020010694e+02 
d 0.000000000e+00 0.000000000e+00 -6.812968338e-04 5.000000000e+00 5.000000000e+00 0.000000000e+00 1.000000000e+00 1.000000000e+00 6.812967501e-04 0.000000000e+00 0.000000000e+00 8.768389503e-11 3.020444447e+02 
d 0.000000000e+00 0.000000000e+00 -6.949631810e-04 5.100000000e+00 5.100000000e+00 0.000000000e+00 1.000000000e+00 1.000000000e+00 6.949630966e-04 0.000000000e+00 0.000000000e+00 8.830718612e-11 3.020877810e+02 
d 0.000000000e+00 0.000000000e+00 -7.086164512e-04 5.200000000e+00 5.200000000e+00 0.000000000e+00 1.000000000e+00 1.000000000e+00 7.086163662e-04 0.000000000e+00 0.000000000e+00 8.891765164e-11 3.021310776e+02 
d 0.000000000e+00 0.000000000e+00 -7.222566606e-04 5.300000000e+00 5.300000000e+00 0.000000000e+00 1.000000000e+00 1.000000000e+00 7.222565750e-04 0.000000000e+00 0.000000000e+00 8.951537818e-11 3.021743336e+02 
d 0.000000000e+00 0.000000000e+00 -7.358838320e-04 5.400000000e+00 5.400000000e+00 0.000000000e+00 1.000000000e+00 1.000000000e+00 7.358837459e-04 0.000000000e+00 0.000000000e+00 9.010045614e-11 3.022175485e+02 
d 0.000000000e+00 0.000000000e+00 -7.494979941e-04 5.500000000e+00 5.500000000e+00 0.000000000e+00 1.000000000e+00 1.000000000e+00 7.494979076e-04 0.000000000e+00 0.000000000e+00 9.067298248e-11 3.022607217e+02 
d 0.000000000e+00 0.000000000e+00 -7.630991929e-04 5.600000000e+00 5.600000000e+00 0.000000000e+00 1.000000000e+00 1.000000000e+00 7.630991062e-04 0.000000000e+00 0.000000000e+00 9.123304587e-11 3.023038527e+02 
d 0.000000000e+00 0.000000000e+00 -7.766873166e-04 5.700000000e+00 5.700000000e+00 0.000000000e+00 1.000000000e+00 1.000000000e+00 7.766872303e-04 0.000000000e+00 0.000000000e+00 9.177979409e-11 3.023469392e+02 
d 0.000000000e+00 0.000000000e+00 -7.902624993e-04 5.800000000e+00 5.800000000e+00 0.000000000e+00 1.000000000e+00 1.000000000e+00 7.902624045e-04 0.000000000e+00 0.000000000e+00 9.231365319e-11 3.023899831e+02 
d 0.000000000e+00 0.000000000e+00 -8.038246456e-04 5.900000000e+00 5.900000000e+00 0.000000000e+00 1.000000000e+00 1.000000000e+00 8.038245495e-04 0.000000000e+00 0.000000000e+00 9.283586552e-11 3.024329824e+02 
d 0.000000000e+00 0.000000000e+00 -8.173739821e-04 6.000000000e+00 6.000000000e+00 0.000000000e+00 1.000000000e+00 1.000000000e+00 8.173738847e-04 0.000000000e+00 0.000000000e+00 9.334600426e-11 3.024759379e+02 
