v ATLAS
# This file was created by ATLAS version 5.24.1.R on Wed Nov 16 13:49:51 2022.
#SSF 2.0 generic
##############################################################################
#                    Copyright (c) 1984 - 2017                               #
#                    Silvaco Inc. All rights reserved                        #
#                                                                            #
# This file format and the following Key are copyright Silvaco Inc.          #
# You may not use, this format or key without reproducing this message in    #
# full and obtaining express written permission from Silvaco Inc.            #
#                                                                            #
# To obtain such permission please contact: Silvaco Inc.                     #
#                                           support@silvaco.com              #
#                                                                            #
# KEY=SVC86hn7562asdx                       PROD=345                         #
##############################################################################
y 3 700 711 15
z 0.3 0.02 300
f 4 "source" "gate" "drain" "substrate" 
p 13 2 601 20 3 602 21 4 603 22 5 604 23 82 
d 0.000000000e+00 0.000000000e+00 -1.045913956e-05 2.000000000e+00 2.000000000e+00 0.000000000e+00 1.250000000e-02 1.250000000e-02 1.045913956e-05 0.000000000e+00 0.000000000e+00 -9.424525023e-17 3.000020584e+02 
d 0.000000000e+00 0.000000000e+00 -2.083010538e-05 2.000000000e+00 2.000000000e+00 0.000000000e+00 2.500000000e-02 2.500000000e-02 2.083010538e-05 0.000000000e+00 0.000000000e+00 -1.584024363e-16 3.000046334e+02 
d 0.000000000e+00 0.000000000e+00 -3.109931905e-05 2.000000000e+00 2.000000000e+00 0.000000000e+00 3.750000000e-02 3.750000000e-02 3.109931905e-05 0.000000000e+00 0.000000000e+00 -2.008928298e-16 3.000077280e+02 
d 0.000000000e+00 0.000000000e+00 -4.124244165e-05 2.000000000e+00 2.000000000e+00 0.000000000e+00 5.000000000e-02 5.000000000e-02 4.124244165e-05 0.000000000e+00 0.000000000e+00 -2.281090633e-16 3.000113411e+02 
d 0.000000000e+00 0.000000000e+00 -5.121979423e-05 2.000000000e+00 2.000000000e+00 0.000000000e+00 6.250000000e-02 6.250000000e-02 5.121979423e-05 0.000000000e+00 0.000000000e+00 -2.438719612e-16 3.000154641e+02 
d 0.000000000e+00 0.000000000e+00 -6.097244118e-05 2.000000000e+00 2.000000000e+00 0.000000000e+00 7.500000000e-02 7.500000000e-02 6.097244118e-05 0.000000000e+00 0.000000000e+00 -2.500269167e-16 3.000200783e+02 
d 0.000000000e+00 0.000000000e+00 -7.042063842e-05 2.000000000e+00 2.000000000e+00 0.000000000e+00 8.750000000e-02 8.750000000e-02 7.042063842e-05 0.000000000e+00 0.000000000e+00 -2.468156938e-16 3.000251518e+02 
d 0.000000000e+00 0.000000000e+00 -7.946322980e-05 2.000000000e+00 2.000000000e+00 0.000000000e+00 1.000000000e-01 1.000000000e-01 7.946322980e-05 0.000000000e+00 0.000000000e+00 -2.342708007e-16 3.000306366e+02 
d 0.000000000e+00 0.000000000e+00 -8.797946242e-05 2.000000000e+00 2.000000000e+00 0.000000000e+00 1.125000000e-01 1.125000000e-01 8.797946242e-05 0.000000000e+00 0.000000000e+00 -2.113569719e-16 3.000364665e+02 
d 0.000000000e+00 0.000000000e+00 -9.618528902e-05 2.000000000e+00 2.000000000e+00 0.000000000e+00 1.250000000e-01 1.250000000e-01 9.618528902e-05 0.000000000e+00 0.000000000e+00 -1.749347556e-16 3.000426823e+02 
d 0.000000000e+00 0.000000000e+00 -1.042772867e-04 2.000000000e+00 2.000000000e+00 0.000000000e+00 1.375000000e-01 1.375000000e-01 1.042772867e-04 0.000000000e+00 0.000000000e+00 -1.213542613e-16 3.000493418e+02 
d 0.000000000e+00 0.000000000e+00 -1.120857288e-04 2.000000000e+00 2.000000000e+00 0.000000000e+00 1.500000000e-01 1.500000000e-01 1.120857288e-04 0.000000000e+00 0.000000000e+00 -4.284256244e-17 3.000563760e+02 
d 0.000000000e+00 0.000000000e+00 -1.267701478e-04 2.000000000e+00 2.000000000e+00 0.000000000e+00 1.750000000e-01 1.750000000e-01 1.267701478e-04 0.000000000e+00 0.000000000e+00 2.303419881e-16 3.000714494e+02 
d 0.000000000e+00 0.000000000e+00 -1.402149109e-04 2.000000000e+00 2.000000000e+00 0.000000000e+00 2.000000000e-01 2.000000000e-01 1.402149109e-04 0.000000000e+00 0.000000000e+00 7.926613600e-16 3.000890995e+02 
d 0.000000000e+00 0.000000000e+00 -1.464733469e-04 2.000000000e+00 2.000000000e+00 0.000000000e+00 2.125000000e-01 2.125000000e-01 1.464733469e-04 0.000000000e+00 0.000000000e+00 1.324414075e-15 3.000985006e+02 
d 0.000000000e+00 0.000000000e+00 -1.524466479e-04 2.000000000e+00 2.000000000e+00 0.000000000e+00 2.250000000e-01 2.250000000e-01 1.524466479e-04 0.000000000e+00 0.000000000e+00 2.032421999e-15 3.001081707e+02 
d 0.000000000e+00 0.000000000e+00 -1.581286334e-04 2.000000000e+00 2.000000000e+00 0.000000000e+00 2.375000000e-01 2.375000000e-01 1.581286334e-04 0.000000000e+00 0.000000000e+00 3.053986419e-15 3.001180691e+02 
d 0.000000000e+00 0.000000000e+00 -1.635282485e-04 2.000000000e+00 2.000000000e+00 0.000000000e+00 2.500000000e-01 2.500000000e-01 1.635282483e-04 0.000000000e+00 0.000000000e+00 4.499278337e-15 3.001281677e+02 
d 0.000000000e+00 0.000000000e+00 -1.686554707e-04 2.000000000e+00 2.000000000e+00 0.000000000e+00 2.625000000e-01 2.625000000e-01 1.686554705e-04 0.000000000e+00 0.000000000e+00 6.592229334e-15 3.001384406e+02 
d 0.000000000e+00 0.000000000e+00 -1.735220657e-04 2.000000000e+00 2.000000000e+00 0.000000000e+00 2.750000000e-01 2.750000000e-01 1.735220657e-04 0.000000000e+00 0.000000000e+00 9.550989217e-15 3.001488622e+02 
d 0.000000000e+00 0.000000000e+00 -1.781477572e-04 2.000000000e+00 2.000000000e+00 0.000000000e+00 2.875000000e-01 2.875000000e-01 1.781477572e-04 0.000000000e+00 0.000000000e+00 1.368158109e-14 3.001594234e+02 
d 0.000000000e+00 0.000000000e+00 -1.825420445e-04 2.000000000e+00 2.000000000e+00 0.000000000e+00 3.000000000e-01 3.000000000e-01 1.825420445e-04 0.000000000e+00 0.000000000e+00 1.937674326e-14 3.001701031e+02 
d 0.000000000e+00 0.000000000e+00 -1.867101090e-04 2.000000000e+00 2.000000000e+00 0.000000000e+00 3.125000000e-01 3.125000000e-01 1.867101090e-04 0.000000000e+00 0.000000000e+00 2.714257939e-14 3.001808770e+02 
d 0.000000000e+00 0.000000000e+00 -1.906624113e-04 2.000000000e+00 2.000000000e+00 0.000000000e+00 3.250000000e-01 3.250000000e-01 1.906624113e-04 0.000000000e+00 0.000000000e+00 3.758405164e-14 3.001917269e+02 
d 0.000000000e+00 0.000000000e+00 -1.944096543e-04 2.000000000e+00 2.000000000e+00 0.000000000e+00 3.375000000e-01 3.375000000e-01 1.944096543e-04 0.000000000e+00 0.000000000e+00 5.143370612e-14 3.002026371e+02 
d 0.000000000e+00 0.000000000e+00 -1.979622818e-04 2.000000000e+00 2.000000000e+00 0.000000000e+00 3.500000000e-01 3.500000000e-01 1.979622818e-04 0.000000000e+00 0.000000000e+00 6.957310973e-14 3.002135931e+02 
d 0.000000000e+00 0.000000000e+00 -2.013304621e-04 2.000000000e+00 2.000000000e+00 0.000000000e+00 3.625000000e-01 3.625000000e-01 2.013304619e-04 0.000000000e+00 0.000000000e+00 9.301688613e-14 3.002245818e+02 
d 0.000000000e+00 0.000000000e+00 -2.045241113e-04 2.000000000e+00 2.000000000e+00 0.000000000e+00 3.750000000e-01 3.750000000e-01 2.045241112e-04 0.000000000e+00 0.000000000e+00 1.228960831e-13 3.002355909e+02 
d 0.000000000e+00 0.000000000e+00 -2.075526542e-04 2.000000000e+00 2.000000000e+00 0.000000000e+00 3.875000000e-01 3.875000000e-01 2.075526541e-04 0.000000000e+00 0.000000000e+00 1.606505090e-13 3.002466103e+02 
d 0.000000000e+00 0.000000000e+00 -2.104252877e-04 2.000000000e+00 2.000000000e+00 0.000000000e+00 4.000000000e-01 4.000000000e-01 2.104252875e-04 0.000000000e+00 0.000000000e+00 2.077258604e-13 3.002576296e+02 
d 0.000000000e+00 0.000000000e+00 -2.131507476e-04 2.000000000e+00 2.000000000e+00 0.000000000e+00 4.125000000e-01 4.125000000e-01 2.131507474e-04 0.000000000e+00 0.000000000e+00 2.657806541e-13 3.002686401e+02 
d 0.000000000e+00 0.000000000e+00 -2.157374128e-04 2.000000000e+00 2.000000000e+00 0.000000000e+00 4.250000000e-01 4.250000000e-01 2.157374125e-04 0.000000000e+00 0.000000000e+00 3.366387409e-13 3.002796435e+02 
d 0.000000000e+00 0.000000000e+00 -2.181932620e-04 2.000000000e+00 2.000000000e+00 0.000000000e+00 4.375000000e-01 4.375000000e-01 2.181932616e-04 0.000000000e+00 0.000000000e+00 4.222627353e-13 3.002907074e+02 
d 0.000000000e+00 0.000000000e+00 -2.205258903e-04 2.000000000e+00 2.000000000e+00 0.000000000e+00 4.500000000e-01 4.500000000e-01 2.205258898e-04 0.000000000e+00 0.000000000e+00 5.247908313e-13 3.003017518e+02 
d 0.000000000e+00 0.000000000e+00 -2.227425279e-04 2.000000000e+00 2.000000000e+00 0.000000000e+00 4.625000000e-01 4.625000000e-01 2.227425273e-04 0.000000000e+00 0.000000000e+00 6.464430241e-13 3.003127708e+02 
d 0.000000000e+00 0.000000000e+00 -2.248499798e-04 2.000000000e+00 2.000000000e+00 0.000000000e+00 4.750000000e-01 4.750000000e-01 2.248499790e-04 0.000000000e+00 0.000000000e+00 7.896480036e-13 3.003237594e+02 
d 0.000000000e+00 0.000000000e+00 -2.268547166e-04 2.000000000e+00 2.000000000e+00 0.000000000e+00 4.875000000e-01 4.875000000e-01 2.268547156e-04 0.000000000e+00 0.000000000e+00 9.568666212e-13 3.003347130e+02 
d 0.000000000e+00 0.000000000e+00 -2.287627800e-04 2.000000000e+00 2.000000000e+00 0.000000000e+00 5.000000000e-01 5.000000000e-01 2.287627788e-04 0.000000000e+00 0.000000000e+00 1.150798410e-12 3.003456278e+02 
d 0.000000000e+00 0.000000000e+00 -2.323120380e-04 2.000000000e+00 2.000000000e+00 0.000000000e+00 5.250000000e-01 5.250000000e-01 2.323120364e-04 0.000000000e+00 0.000000000e+00 1.629295962e-12 3.003673255e+02 
d 0.000000000e+00 0.000000000e+00 -2.355398735e-04 2.000000000e+00 2.000000000e+00 0.000000000e+00 5.500000000e-01 5.500000000e-01 2.355398713e-04 0.000000000e+00 0.000000000e+00 2.247867914e-12 3.003888299e+02 
d 0.000000000e+00 0.000000000e+00 -2.384853845e-04 2.000000000e+00 2.000000000e+00 0.000000000e+00 5.750000000e-01 5.750000000e-01 2.384853815e-04 0.000000000e+00 0.000000000e+00 3.029963273e-12 3.004101268e+02 
d 0.000000000e+00 0.000000000e+00 -2.411873762e-04 2.000000000e+00 2.000000000e+00 0.000000000e+00 6.000000000e-01 6.000000000e-01 2.411873722e-04 0.000000000e+00 0.000000000e+00 4.000926974e-12 3.004314197e+02 
d 0.000000000e+00 0.000000000e+00 -2.436678460e-04 2.000000000e+00 2.000000000e+00 0.000000000e+00 6.250000000e-01 6.250000000e-01 2.436678409e-04 0.000000000e+00 0.000000000e+00 5.184121668e-12 3.004526467e+02 
d 0.000000000e+00 0.000000000e+00 -2.459524454e-04 2.000000000e+00 2.000000000e+00 0.000000000e+00 6.500000000e-01 6.500000000e-01 2.459524388e-04 0.000000000e+00 0.000000000e+00 6.603650725e-12 3.004736769e+02 
d 0.000000000e+00 0.000000000e+00 -2.500216305e-04 2.000000000e+00 2.000000000e+00 0.000000000e+00 7.000000000e-01 7.000000000e-01 2.500216202e-04 0.000000000e+00 0.000000000e+00 1.024730188e-11 3.005151408e+02 
d 0.000000000e+00 0.000000000e+00 -2.518433074e-04 2.000000000e+00 2.000000000e+00 0.000000000e+00 7.250000000e-01 7.250000000e-01 2.518432948e-04 0.000000000e+00 0.000000000e+00 1.251727038e-11 3.005355766e+02 
d 0.000000000e+00 0.000000000e+00 -2.535440299e-04 2.000000000e+00 2.000000000e+00 0.000000000e+00 7.500000000e-01 7.500000000e-01 2.535440148e-04 0.000000000e+00 0.000000000e+00 1.511515760e-11 3.005558195e+02 
d 0.000000000e+00 0.000000000e+00 -2.551371476e-04 2.000000000e+00 2.000000000e+00 0.000000000e+00 7.750000000e-01 7.750000000e-01 2.551371295e-04 0.000000000e+00 0.000000000e+00 1.806202032e-11 3.005763025e+02 
d 0.000000000e+00 0.000000000e+00 -2.566343881e-04 2.000000000e+00 2.000000000e+00 0.000000000e+00 8.000000000e-01 8.000000000e-01 2.566343667e-04 0.000000000e+00 0.000000000e+00 2.137767545e-11 3.005966344e+02 
d 0.000000000e+00 0.000000000e+00 -2.593811690e-04 2.000000000e+00 2.000000000e+00 0.000000000e+00 8.500000000e-01 8.500000000e-01 2.593811398e-04 0.000000000e+00 0.000000000e+00 2.918975752e-11 3.006368620e+02 
d 0.000000000e+00 0.000000000e+00 -2.606476995e-04 2.000000000e+00 2.000000000e+00 0.000000000e+00 8.750000000e-01 8.750000000e-01 2.606476657e-04 0.000000000e+00 0.000000000e+00 3.372068456e-11 3.006567712e+02 
d 0.000000000e+00 0.000000000e+00 -2.618526353e-04 2.000000000e+00 2.000000000e+00 0.000000000e+00 9.000000000e-01 9.000000000e-01 2.618525967e-04 0.000000000e+00 0.000000000e+00 3.868975478e-11 3.006765529e+02 
d 0.000000000e+00 0.000000000e+00 -2.661693388e-04 2.000000000e+00 2.000000000e+00 0.000000000e+00 1.000000000e+00 1.000000000e+00 2.661692756e-04 0.000000000e+00 0.000000000e+00 6.323003827e-11 3.007558243e+02 
d 0.000000000e+00 0.000000000e+00 -2.680876156e-04 2.000000000e+00 2.000000000e+00 0.000000000e+00 1.050000000e+00 1.050000000e+00 2.680875371e-04 0.000000000e+00 0.000000000e+00 7.846925501e-11 3.007974722e+02 
d 0.000000000e+00 0.000000000e+00 -2.698817317e-04 2.000000000e+00 2.000000000e+00 0.000000000e+00 1.100000000e+00 1.100000000e+00 2.698816359e-04 0.000000000e+00 0.000000000e+00 9.579904467e-11 3.008391528e+02 
d 0.000000000e+00 0.000000000e+00 -2.731730841e-04 2.000000000e+00 2.000000000e+00 0.000000000e+00 1.200000000e+00 1.200000000e+00 2.731729472e-04 0.000000000e+00 0.000000000e+00 1.369894979e-10 3.009221044e+02 
d 0.000000000e+00 0.000000000e+00 -2.739447114e-04 2.000000000e+00 2.000000000e+00 0.000000000e+00 1.225000000e+00 1.225000000e+00 2.739445628e-04 0.000000000e+00 0.000000000e+00 1.486864919e-10 3.009427687e+02 
d 0.000000000e+00 0.000000000e+00 -2.746988345e-04 2.000000000e+00 2.000000000e+00 0.000000000e+00 1.250000000e+00 1.250000000e+00 2.746986736e-04 0.000000000e+00 0.000000000e+00 1.609539490e-10 3.009634072e+02 
d 0.000000000e+00 0.000000000e+00 -2.754366275e-04 2.000000000e+00 2.000000000e+00 0.000000000e+00 1.275000000e+00 1.275000000e+00 2.754364537e-04 0.000000000e+00 0.000000000e+00 1.737968561e-10 3.009840219e+02 
d 0.000000000e+00 0.000000000e+00 -2.761591833e-04 2.000000000e+00 2.000000000e+00 0.000000000e+00 1.300000000e+00 1.300000000e+00 2.761589961e-04 0.000000000e+00 0.000000000e+00 1.872188653e-10 3.010046145e+02 
d 0.000000000e+00 0.000000000e+00 -2.789154654e-04 2.000000000e+00 2.000000000e+00 0.000000000e+00 1.400000000e+00 1.400000000e+00 2.789152186e-04 0.000000000e+00 0.000000000e+00 2.467624011e-10 3.010867989e+02 
d 0.000000000e+00 0.000000000e+00 -2.814923522e-04 2.000000000e+00 2.000000000e+00 0.000000000e+00 1.500000000e+00 1.500000000e+00 2.814920364e-04 0.000000000e+00 0.000000000e+00 3.157805590e-10 3.011687595e+02 
d 0.000000000e+00 0.000000000e+00 -2.839247922e-04 2.000000000e+00 2.000000000e+00 0.000000000e+00 1.600000000e+00 1.600000000e+00 2.839243978e-04 0.000000000e+00 0.000000000e+00 3.943392684e-10 3.012505843e+02 
d 0.000000000e+00 0.000000000e+00 -2.850949128e-04 2.000000000e+00 2.000000000e+00 0.000000000e+00 1.650000000e+00 1.650000000e+00 2.850944756e-04 0.000000000e+00 0.000000000e+00 4.371961925e-10 3.012914697e+02 
d 0.000000000e+00 0.000000000e+00 -2.862376766e-04 2.000000000e+00 2.000000000e+00 0.000000000e+00 1.700000000e+00 1.700000000e+00 2.862371941e-04 0.000000000e+00 0.000000000e+00 4.824299607e-10 3.013323451e+02 
d 0.000000000e+00 0.000000000e+00 -2.884492803e-04 2.000000000e+00 2.000000000e+00 0.000000000e+00 1.800000000e+00 1.800000000e+00 2.884487003e-04 0.000000000e+00 0.000000000e+00 5.799852358e-10 3.014140813e+02 
d 0.000000000e+00 0.000000000e+00 -2.895215453e-04 2.000000000e+00 2.000000000e+00 0.000000000e+00 1.850000000e+00 1.850000000e+00 2.895209130e-04 0.000000000e+00 0.000000000e+00 6.322772521e-10 3.014549664e+02 
d 0.000000000e+00 0.000000000e+00 -2.905733914e-04 2.000000000e+00 2.000000000e+00 0.000000000e+00 1.900000000e+00 1.900000000e+00 2.905727045e-04 0.000000000e+00 0.000000000e+00 6.868891800e-10 3.014958718e+02 
d 0.000000000e+00 0.000000000e+00 -2.916060731e-04 2.000000000e+00 2.000000000e+00 0.000000000e+00 1.950000000e+00 1.950000000e+00 2.916053293e-04 0.000000000e+00 0.000000000e+00 7.438009650e-10 3.015368044e+02 
d 0.000000000e+00 0.000000000e+00 -2.926207080e-04 2.000000000e+00 2.000000000e+00 0.000000000e+00 2.000000000e+00 2.000000000e+00 2.926199050e-04 0.000000000e+00 0.000000000e+00 8.029909730e-10 3.015777705e+02 
d 0.000000000e+00 0.000000000e+00 -2.936183006e-04 2.000000000e+00 2.000000000e+00 0.000000000e+00 2.050000000e+00 2.050000000e+00 2.936174362e-04 0.000000000e+00 0.000000000e+00 8.644363673e-10 3.016187765e+02 
d 0.000000000e+00 0.000000000e+00 -2.945997605e-04 2.000000000e+00 2.000000000e+00 0.000000000e+00 2.100000000e+00 2.100000000e+00 2.945988324e-04 0.000000000e+00 0.000000000e+00 9.281129323e-10 3.016598283e+02 
d 0.000000000e+00 0.000000000e+00 -2.955659130e-04 2.000000000e+00 2.000000000e+00 0.000000000e+00 2.150000000e+00 2.150000000e+00 2.955649190e-04 0.000000000e+00 0.000000000e+00 9.939956789e-10 3.017009320e+02 
d 0.000000000e+00 0.000000000e+00 -2.965175126e-04 2.000000000e+00 2.000000000e+00 0.000000000e+00 2.200000000e+00 2.200000000e+00 2.965164505e-04 0.000000000e+00 0.000000000e+00 1.062058502e-09 3.017420934e+02 
d 0.000000000e+00 0.000000000e+00 -2.983797736e-04 2.000000000e+00 2.000000000e+00 0.000000000e+00 2.300000000e+00 2.300000000e+00 2.983785690e-04 0.000000000e+00 0.000000000e+00 1.204618447e-09 3.018246118e+02 
d 0.000000000e+00 0.000000000e+00 -3.001915028e-04 2.000000000e+00 2.000000000e+00 0.000000000e+00 2.400000000e+00 2.400000000e+00 3.001901473e-04 0.000000000e+00 0.000000000e+00 1.355576926e-09 3.019074255e+02 
d 0.000000000e+00 0.000000000e+00 -3.019569939e-04 2.000000000e+00 2.000000000e+00 0.000000000e+00 2.500000000e+00 2.500000000e+00 3.019554792e-04 0.000000000e+00 0.000000000e+00 1.514716222e-09 3.019905716e+02 
d 0.000000000e+00 0.000000000e+00 -3.036800099e-04 2.000000000e+00 2.000000000e+00 0.000000000e+00 2.600000000e+00 2.600000000e+00 3.036783281e-04 0.000000000e+00 0.000000000e+00 1.681819923e-09 3.020740826e+02 
d 0.000000000e+00 0.000000000e+00 -3.053638926e-04 2.000000000e+00 2.000000000e+00 0.000000000e+00 2.700000000e+00 2.700000000e+00 3.053620360e-04 0.000000000e+00 0.000000000e+00 1.856677195e-09 3.021592317e+02 
d 0.000000000e+00 0.000000000e+00 -3.070116130e-04 2.000000000e+00 2.000000000e+00 0.000000000e+00 2.800000000e+00 2.800000000e+00 3.070095739e-04 0.000000000e+00 0.000000000e+00 2.039083661e-09 3.022467949e+02 
d 0.000000000e+00 0.000000000e+00 -3.086258269e-04 2.000000000e+00 2.000000000e+00 0.000000000e+00 2.900000000e+00 2.900000000e+00 3.086235981e-04 0.000000000e+00 0.000000000e+00 2.228842707e-09 3.023347694e+02 
d 0.000000000e+00 0.000000000e+00 -3.102089934e-04 2.000000000e+00 2.000000000e+00 0.000000000e+00 3.000000000e+00 3.000000000e+00 3.102065676e-04 0.000000000e+00 0.000000000e+00 2.425770863e-09 3.024231520e+02 
d 0.000000000e+00 0.000000000e+00 -3.117631477e-04 2.000000000e+00 2.000000000e+00 0.000000000e+00 3.100000000e+00 3.100000000e+00 3.117605180e-04 0.000000000e+00 0.000000000e+00 2.629685306e-09 3.025119359e+02 
d 0.000000000e+00 0.000000000e+00 -3.132901981e-04 2.000000000e+00 2.000000000e+00 0.000000000e+00 3.200000000e+00 3.200000000e+00 3.132873577e-04 0.000000000e+00 0.000000000e+00 2.840416083e-09 3.026011143e+02 
d 0.000000000e+00 0.000000000e+00 -3.147918465e-04 2.000000000e+00 2.000000000e+00 0.000000000e+00 3.300000000e+00 3.300000000e+00 3.147887887e-04 0.000000000e+00 0.000000000e+00 3.057801837e-09 3.026906796e+02 
d 0.000000000e+00 0.000000000e+00 -3.162696239e-04 2.000000000e+00 2.000000000e+00 0.000000000e+00 3.400000000e+00 3.400000000e+00 3.162663422e-04 0.000000000e+00 0.000000000e+00 3.281689102e-09 3.027806242e+02 
d 0.000000000e+00 0.000000000e+00 -3.177249134e-04 2.000000000e+00 2.000000000e+00 0.000000000e+00 3.500000000e+00 3.500000000e+00 3.177214014e-04 0.000000000e+00 0.000000000e+00 3.511932488e-09 3.028709402e+02 
d 0.000000000e+00 0.000000000e+00 -3.191589617e-04 2.000000000e+00 2.000000000e+00 0.000000000e+00 3.600000000e+00 3.600000000e+00 3.191552133e-04 0.000000000e+00 0.000000000e+00 3.748393570e-09 3.029616203e+02 
d 0.000000000e+00 0.000000000e+00 -3.205728980e-04 2.000000000e+00 2.000000000e+00 0.000000000e+00 3.700000000e+00 3.700000000e+00 3.205689071e-04 0.000000000e+00 0.000000000e+00 3.990940664e-09 3.030526572e+02 
d 0.000000000e+00 0.000000000e+00 -3.219677496e-04 2.000000000e+00 2.000000000e+00 0.000000000e+00 3.800000000e+00 3.800000000e+00 3.219635101e-04 0.000000000e+00 0.000000000e+00 4.239448481e-09 3.031440428e+02 
d 0.000000000e+00 0.000000000e+00 -3.233444557e-04 2.000000000e+00 2.000000000e+00 0.000000000e+00 3.900000000e+00 3.900000000e+00 3.233399619e-04 0.000000000e+00 0.000000000e+00 4.493798051e-09 3.032357614e+02 
d 0.000000000e+00 0.000000000e+00 -3.247038716e-04 2.000000000e+00 2.000000000e+00 0.000000000e+00 4.000000000e+00 4.000000000e+00 3.246991177e-04 0.000000000e+00 0.000000000e+00 4.753875136e-09 3.033278159e+02 
d 0.000000000e+00 0.000000000e+00 -3.260467859e-04 2.000000000e+00 2.000000000e+00 0.000000000e+00 4.100000000e+00 4.100000000e+00 3.260417663e-04 0.000000000e+00 0.000000000e+00 5.019571172e-09 3.034202007e+02 
d 0.000000000e+00 0.000000000e+00 -3.273739257e-04 2.000000000e+00 2.000000000e+00 0.000000000e+00 4.200000000e+00 4.200000000e+00 3.273686349e-04 0.000000000e+00 0.000000000e+00 5.290782526e-09 3.035129103e+02 
d 0.000000000e+00 0.000000000e+00 -3.286859638e-04 2.000000000e+00 2.000000000e+00 0.000000000e+00 4.300000000e+00 4.300000000e+00 3.286803964e-04 0.000000000e+00 0.000000000e+00 5.567410198e-09 3.036059398e+02 
d 0.000000000e+00 0.000000000e+00 -3.299835244e-04 2.000000000e+00 2.000000000e+00 0.000000000e+00 4.400000000e+00 4.400000000e+00 3.299776751e-04 0.000000000e+00 0.000000000e+00 5.849359518e-09 3.036992844e+02 
d 0.000000000e+00 0.000000000e+00 -3.312671884e-04 2.000000000e+00 2.000000000e+00 0.000000000e+00 4.500000000e+00 4.500000000e+00 3.312610518e-04 0.000000000e+00 0.000000000e+00 6.136539908e-09 3.037929396e+02 
d 0.000000000e+00 0.000000000e+00 -3.325374972e-04 2.000000000e+00 2.000000000e+00 0.000000000e+00 4.600000000e+00 4.600000000e+00 3.325310684e-04 0.000000000e+00 0.000000000e+00 6.428864473e-09 3.038869011e+02 
d 0.000000000e+00 0.000000000e+00 -3.337949586e-04 2.000000000e+00 2.000000000e+00 0.000000000e+00 4.700000000e+00 4.700000000e+00 3.337882324e-04 0.000000000e+00 0.000000000e+00 6.726249900e-09 3.039811648e+02 
d 0.000000000e+00 0.000000000e+00 -3.350400451e-04 2.000000000e+00 2.000000000e+00 0.000000000e+00 4.800000000e+00 4.800000000e+00 3.350330165e-04 0.000000000e+00 0.000000000e+00 7.028615937e-09 3.040757267e+02 
d 0.000000000e+00 0.000000000e+00 -3.362732014e-04 2.000000000e+00 2.000000000e+00 0.000000000e+00 4.900000000e+00 4.900000000e+00 3.362658655e-04 0.000000000e+00 0.000000000e+00 7.335885388e-09 3.041705830e+02 
d 0.000000000e+00 0.000000000e+00 -3.374948453e-04 2.000000000e+00 2.000000000e+00 0.000000000e+00 5.000000000e+00 5.000000000e+00 3.374871973e-04 0.000000000e+00 0.000000000e+00 7.647983802e-09 3.042657298e+02 
d 0.000000000e+00 0.000000000e+00 -3.387053700e-04 2.000000000e+00 2.000000000e+00 0.000000000e+00 5.100000000e+00 5.100000000e+00 3.386974052e-04 0.000000000e+00 0.000000000e+00 7.964839239e-09 3.043611636e+02 
d 0.000000000e+00 0.000000000e+00 -3.399051473e-04 2.000000000e+00 2.000000000e+00 0.000000000e+00 5.200000000e+00 5.200000000e+00 3.398968609e-04 0.000000000e+00 0.000000000e+00 8.286382016e-09 3.044568808e+02 
d 0.000000000e+00 0.000000000e+00 -3.410945274e-04 2.000000000e+00 2.000000000e+00 0.000000000e+00 5.300000000e+00 5.300000000e+00 3.410859148e-04 0.000000000e+00 0.000000000e+00 8.612544805e-09 3.045528750e+02 
d 0.000000000e+00 0.000000000e+00 -3.422738402e-04 2.000000000e+00 2.000000000e+00 0.000000000e+00 5.400000000e+00 5.400000000e+00 3.422648969e-04 0.000000000e+00 0.000000000e+00 8.943262295e-09 3.046491403e+02 
d 0.000000000e+00 0.000000000e+00 -3.434433973e-04 2.000000000e+00 2.000000000e+00 0.000000000e+00 5.500000000e+00 5.500000000e+00 3.434341188e-04 0.000000000e+00 0.000000000e+00 9.278470545e-09 3.047456776e+02 
d 0.000000000e+00 0.000000000e+00 -3.446034947e-04 2.000000000e+00 2.000000000e+00 0.000000000e+00 5.600000000e+00 5.600000000e+00 3.445938766e-04 0.000000000e+00 0.000000000e+00 9.618107551e-09 3.048424834e+02 
d 0.000000000e+00 0.000000000e+00 -3.457544131e-04 2.000000000e+00 2.000000000e+00 0.000000000e+00 5.700000000e+00 5.700000000e+00 3.457444510e-04 0.000000000e+00 0.000000000e+00 9.962112867e-09 3.049395543e+02 
d 0.000000000e+00 0.000000000e+00 -3.468964187e-04 2.000000000e+00 2.000000000e+00 0.000000000e+00 5.800000000e+00 5.800000000e+00 3.468861083e-04 0.000000000e+00 0.000000000e+00 1.031042750e-08 3.050368868e+02 
d 0.000000000e+00 0.000000000e+00 -3.480297648e-04 2.000000000e+00 2.000000000e+00 0.000000000e+00 5.900000000e+00 5.900000000e+00 3.480191018e-04 0.000000000e+00 0.000000000e+00 1.066299382e-08 3.051344775e+02 
d 0.000000000e+00 0.000000000e+00 -3.491546920e-04 2.000000000e+00 2.000000000e+00 0.000000000e+00 6.000000000e+00 6.000000000e+00 3.491436723e-04 0.000000000e+00 0.000000000e+00 1.101975547e-08 3.052323231e+02 
d 0.000000000e+00 0.000000000e+00 -3.502714300e-04 2.000000000e+00 2.000000000e+00 0.000000000e+00 6.100000000e+00 6.100000000e+00 3.502600493e-04 0.000000000e+00 0.000000000e+00 1.138065729e-08 3.053304199e+02 
d 0.000000000e+00 0.000000000e+00 -3.513801977e-04 2.000000000e+00 2.000000000e+00 0.000000000e+00 6.200000000e+00 6.200000000e+00 3.513684520e-04 0.000000000e+00 0.000000000e+00 1.174564532e-08 3.054287647e+02 
d 0.000000000e+00 0.000000000e+00 -3.524812061e-04 2.000000000e+00 2.000000000e+00 0.000000000e+00 6.300000000e+00 6.300000000e+00 3.524690914e-04 0.000000000e+00 0.000000000e+00 1.211466655e-08 3.055273536e+02 
d 0.000000000e+00 0.000000000e+00 -3.535745974e-04 2.000000000e+00 2.000000000e+00 0.000000000e+00 6.400000000e+00 6.400000000e+00 3.535621098e-04 0.000000000e+00 0.000000000e+00 1.248766809e-08 3.056261923e+02 
d 0.000000000e+00 0.000000000e+00 -3.546605813e-04 2.000000000e+00 2.000000000e+00 0.000000000e+00 6.500000000e+00 6.500000000e+00 3.546477167e-04 0.000000000e+00 0.000000000e+00 1.286459767e-08 3.057252727e+02 
d 0.000000000e+00 0.000000000e+00 -3.557393786e-04 2.000000000e+00 2.000000000e+00 0.000000000e+00 6.600000000e+00 6.600000000e+00 3.557261332e-04 0.000000000e+00 0.000000000e+00 1.324540732e-08 3.058245875e+02 
d 0.000000000e+00 0.000000000e+00 -3.568111589e-04 2.000000000e+00 2.000000000e+00 0.000000000e+00 6.700000000e+00 6.700000000e+00 3.567975289e-04 0.000000000e+00 0.000000000e+00 1.363004771e-08 3.059241341e+02 
d 0.000000000e+00 0.000000000e+00 -3.578760865e-04 2.000000000e+00 2.000000000e+00 0.000000000e+00 6.800000000e+00 6.800000000e+00 3.578620681e-04 0.000000000e+00 0.000000000e+00 1.401847038e-08 3.060239094e+02 
d 0.000000000e+00 0.000000000e+00 -3.589343192e-04 2.000000000e+00 2.000000000e+00 0.000000000e+00 6.900000000e+00 6.900000000e+00 3.589199086e-04 0.000000000e+00 0.000000000e+00 1.441062768e-08 3.061239106e+02 
d 0.000000000e+00 0.000000000e+00 -3.599860085e-04 2.000000000e+00 2.000000000e+00 0.000000000e+00 7.000000000e+00 7.000000000e+00 3.599712021e-04 0.000000000e+00 0.000000000e+00 1.480647272e-08 3.062241347e+02 
d 0.000000000e+00 0.000000000e+00 -3.610313007e-04 2.000000000e+00 2.000000000e+00 0.000000000e+00 7.100000000e+00 7.100000000e+00 3.610160948e-04 0.000000000e+00 0.000000000e+00 1.520595950e-08 3.063245776e+02 
d 0.000000000e+00 0.000000000e+00 -3.620703201e-04 2.000000000e+00 2.000000000e+00 0.000000000e+00 7.200000000e+00 7.200000000e+00 3.620547111e-04 0.000000000e+00 0.000000000e+00 1.560904152e-08 3.064252336e+02 
d 0.000000000e+00 0.000000000e+00 -3.631031968e-04 2.000000000e+00 2.000000000e+00 0.000000000e+00 7.300000000e+00 7.300000000e+00 3.630871811e-04 0.000000000e+00 0.000000000e+00 1.601567341e-08 3.065261040e+02 
d 0.000000000e+00 0.000000000e+00 -3.641300804e-04 2.000000000e+00 2.000000000e+00 0.000000000e+00 7.400000000e+00 7.400000000e+00 3.641136546e-04 0.000000000e+00 0.000000000e+00 1.642581273e-08 3.066271853e+02 
d 0.000000000e+00 0.000000000e+00 -3.651510938e-04 2.000000000e+00 2.000000000e+00 0.000000000e+00 7.500000000e+00 7.500000000e+00 3.651342544e-04 0.000000000e+00 0.000000000e+00 1.683941592e-08 3.067284750e+02 
d 0.000000000e+00 0.000000000e+00 -3.661663556e-04 2.000000000e+00 2.000000000e+00 0.000000000e+00 7.600000000e+00 7.600000000e+00 3.661490992e-04 0.000000000e+00 0.000000000e+00 1.725644004e-08 3.068299702e+02 
d 0.000000000e+00 0.000000000e+00 -3.671759800e-04 2.000000000e+00 2.000000000e+00 0.000000000e+00 7.700000000e+00 7.700000000e+00 3.671583031e-04 0.000000000e+00 0.000000000e+00 1.767684279e-08 3.069316684e+02 
d 0.000000000e+00 0.000000000e+00 -3.681800770e-04 2.000000000e+00 2.000000000e+00 0.000000000e+00 7.800000000e+00 7.800000000e+00 3.681619764e-04 0.000000000e+00 0.000000000e+00 1.810058243e-08 3.070335670e+02 
d 0.000000000e+00 0.000000000e+00 -3.691787529e-04 2.000000000e+00 2.000000000e+00 0.000000000e+00 7.900000000e+00 7.900000000e+00 3.691602252e-04 0.000000000e+00 0.000000000e+00 1.852761778e-08 3.071356636e+02 
d 0.000000000e+00 0.000000000e+00 -3.701721158e-04 2.000000000e+00 2.000000000e+00 0.000000000e+00 8.000000000e+00 8.000000000e+00 3.701531578e-04 0.000000000e+00 0.000000000e+00 1.895790994e-08 3.072379559e+02 
d 0.000000000e+00 0.000000000e+00 -3.711602647e-04 2.000000000e+00 2.000000000e+00 0.000000000e+00 8.100000000e+00 8.100000000e+00 3.711408733e-04 0.000000000e+00 0.000000000e+00 1.939141897e-08 3.073404416e+02 
d 0.000000000e+00 0.000000000e+00 -3.721432890e-04 2.000000000e+00 2.000000000e+00 0.000000000e+00 8.200000000e+00 8.200000000e+00 3.721234609e-04 0.000000000e+00 0.000000000e+00 1.982810348e-08 3.074431183e+02 
d 0.000000000e+00 0.000000000e+00 -3.731212811e-04 2.000000000e+00 2.000000000e+00 0.000000000e+00 8.300000000e+00 8.300000000e+00 3.731010131e-04 0.000000000e+00 0.000000000e+00 2.026792434e-08 3.075459840e+02 
d 0.000000000e+00 0.000000000e+00 -3.740943078e-04 2.000000000e+00 2.000000000e+00 0.000000000e+00 8.400000000e+00 8.400000000e+00 3.740735969e-04 0.000000000e+00 0.000000000e+00 2.071084205e-08 3.076490367e+02 
d 0.000000000e+00 0.000000000e+00 -3.750624603e-04 2.000000000e+00 2.000000000e+00 0.000000000e+00 8.500000000e+00 8.500000000e+00 3.750413034e-04 0.000000000e+00 0.000000000e+00 2.115681856e-08 3.077522744e+02 
d 0.000000000e+00 0.000000000e+00 -3.760258381e-04 2.000000000e+00 2.000000000e+00 0.000000000e+00 8.600000000e+00 8.600000000e+00 3.760042322e-04 0.000000000e+00 0.000000000e+00 2.160581675e-08 3.078556952e+02 
d 0.000000000e+00 0.000000000e+00 -3.769845198e-04 2.000000000e+00 2.000000000e+00 0.000000000e+00 8.700000000e+00 8.700000000e+00 3.769624619e-04 0.000000000e+00 0.000000000e+00 2.205779923e-08 3.079592972e+02 
d 0.000000000e+00 0.000000000e+00 -3.779385820e-04 2.000000000e+00 2.000000000e+00 0.000000000e+00 8.800000000e+00 8.800000000e+00 3.779160692e-04 0.000000000e+00 0.000000000e+00 2.251272926e-08 3.080630788e+02 
d 0.000000000e+00 0.000000000e+00 -3.788880996e-04 2.000000000e+00 2.000000000e+00 0.000000000e+00 8.900000000e+00 8.900000000e+00 3.788651290e-04 0.000000000e+00 0.000000000e+00 2.297057132e-08 3.081670384e+02 
d 0.000000000e+00 0.000000000e+00 -3.798331439e-04 2.000000000e+00 2.000000000e+00 0.000000000e+00 9.000000000e+00 9.000000000e+00 3.798097125e-04 0.000000000e+00 0.000000000e+00 2.343128850e-08 3.082711744e+02 
d 0.000000000e+00 0.000000000e+00 -3.807737847e-04 2.000000000e+00 2.000000000e+00 0.000000000e+00 9.100000000e+00 9.100000000e+00 3.807498898e-04 0.000000000e+00 0.000000000e+00 2.389484512e-08 3.083754852e+02 
d 0.000000000e+00 0.000000000e+00 -3.817100911e-04 2.000000000e+00 2.000000000e+00 0.000000000e+00 9.200000000e+00 9.200000000e+00 3.816857299e-04 0.000000000e+00 0.000000000e+00 2.436120652e-08 3.084799667e+02 
d 0.000000000e+00 0.000000000e+00 -3.826421327e-04 2.000000000e+00 2.000000000e+00 0.000000000e+00 9.300000000e+00 9.300000000e+00 3.826173023e-04 0.000000000e+00 0.000000000e+00 2.483033913e-08 3.085846164e+02 
d 0.000000000e+00 0.000000000e+00 -3.835699404e-04 2.000000000e+00 2.000000000e+00 0.000000000e+00 9.400000000e+00 9.400000000e+00 3.835446381e-04 0.000000000e+00 0.000000000e+00 2.530219863e-08 3.086894452e+02 
d 0.000000000e+00 0.000000000e+00 -3.844934800e-04 2.000000000e+00 2.000000000e+00 0.000000000e+00 9.500000000e+00 9.500000000e+00 3.844677032e-04 0.000000000e+00 0.000000000e+00 2.577672141e-08 3.087944850e+02 
d 0.000000000e+00 0.000000000e+00 -3.854129470e-04 2.000000000e+00 2.000000000e+00 0.000000000e+00 9.600000000e+00 9.600000000e+00 3.853866930e-04 0.000000000e+00 0.000000000e+00 2.625391489e-08 3.088996913e+02 
d 0.000000000e+00 0.000000000e+00 -3.863283865e-04 2.000000000e+00 2.000000000e+00 0.000000000e+00 9.700000000e+00 9.700000000e+00 3.863016528e-04 0.000000000e+00 0.000000000e+00 2.673374169e-08 3.090050670e+02 
d 0.000000000e+00 0.000000000e+00 -3.872398492e-04 2.000000000e+00 2.000000000e+00 0.000000000e+00 9.800000000e+00 9.800000000e+00 3.872126330e-04 0.000000000e+00 0.000000000e+00 2.721616689e-08 3.091106133e+02 
d 0.000000000e+00 0.000000000e+00 -3.881473798e-04 2.000000000e+00 2.000000000e+00 0.000000000e+00 9.900000000e+00 9.900000000e+00 3.881196786e-04 0.000000000e+00 0.000000000e+00 2.770115665e-08 3.092163308e+02 
d 0.000000000e+00 0.000000000e+00 -3.890509997e-04 2.000000000e+00 2.000000000e+00 0.000000000e+00 1.000000000e+01 1.000000000e+01 3.890228110e-04 0.000000000e+00 0.000000000e+00 2.818867851e-08 3.093222200e+02 
